<?xml version="1.0" encoding="UTF-8" standalone="yes"?><!DOCTYPE report PUBLIC "-//JACOCO//DTD Report 1.1//EN" "report.dtd"><report name="MAL lib"><sessioninfo id="fv-az75-48-c8a7253f" start="1625639779234" dump="1625639781236"/><package name="org/mal_lang/lib"><class name="org/mal_lang/lib/Distributions$Disabled" sourcefilename="Distributions.java"><method name="&lt;init&gt;" desc="()V" line="545"><counter type="INSTRUCTION" missed="3" covered="0"/><counter type="LINE" missed="1" covered="0"/><counter type="COMPLEXITY" missed="1" covered="0"/><counter type="METHOD" missed="1" covered="0"/></method><method name="getMean" desc="()D" line="548"><counter type="INSTRUCTION" missed="2" covered="0"/><counter type="LINE" missed="1" covered="0"/><counter type="COMPLEXITY" missed="1" covered="0"/><counter type="METHOD" missed="1" covered="0"/></method><method name="toString" desc="()Ljava/lang/String;" line="553"><counter type="INSTRUCTION" missed="2" covered="0"/><counter type="LINE" missed="1" covered="0"/><counter type="COMPLEXITY" missed="1" covered="0"/><counter type="METHOD" missed="1" covered="0"/></method><counter type="INSTRUCTION" missed="7" covered="0"/><counter type="LINE" missed="3" covered="0"/><counter type="COMPLEXITY" missed="3" covered="0"/><counter type="METHOD" missed="3" covered="0"/><counter type="CLASS" missed="1" covered="0"/></class><class name="org/mal_lang/lib/Distributions$Infinity" sourcefilename="Distributions.java"><method name="&lt;init&gt;" desc="()V" line="508"><counter type="INSTRUCTION" missed="3" covered="0"/><counter type="LINE" missed="1" covered="0"/><counter type="COMPLEXITY" missed="1" covered="0"/><counter type="METHOD" missed="1" covered="0"/></method><method name="getMean" desc="()D" line="512"><counter type="INSTRUCTION" missed="2" covered="0"/><counter type="LINE" missed="1" covered="0"/><counter type="COMPLEXITY" missed="1" covered="0"/><counter type="METHOD" missed="1" covered="0"/></method><method name="toString" desc="()Ljava/lang/String;" line="517"><counter type="INSTRUCTION" missed="2" covered="0"/><counter type="LINE" missed="1" covered="0"/><counter type="COMPLEXITY" missed="1" covered="0"/><counter type="METHOD" missed="1" covered="0"/></method><counter type="INSTRUCTION" missed="7" covered="0"/><counter type="LINE" missed="3" covered="0"/><counter type="COMPLEXITY" missed="3" covered="0"/><counter type="METHOD" missed="3" covered="0"/><counter type="CLASS" missed="1" covered="0"/></class><class name="org/mal_lang/lib/Distributions$TruncatedNormal" sourcefilename="Distributions.java"><method name="&lt;init&gt;" desc="(DD)V" line="340"><counter type="INSTRUCTION" missed="9" covered="0"/><counter type="LINE" missed="4" covered="0"/><counter type="COMPLEXITY" missed="1" covered="0"/><counter type="METHOD" missed="1" covered="0"/></method><method name="&lt;init&gt;" desc="(Ljava/util/List;)V" line="346"><counter type="INSTRUCTION" missed="13" covered="0"/><counter type="LINE" missed="2" covered="0"/><counter type="COMPLEXITY" missed="1" covered="0"/><counter type="METHOD" missed="1" covered="0"/></method><method name="validate" desc="(Ljava/util/List;)V" line="350"><counter type="INSTRUCTION" missed="0" covered="34"/><counter type="BRANCH" missed="1" covered="5"/><counter type="LINE" missed="0" covered="7"/><counter type="COMPLEXITY" missed="1" covered="3"/><counter type="METHOD" missed="0" covered="1"/></method><method name="getMean" desc="()D" line="365"><counter type="INSTRUCTION" missed="3" covered="0"/><counter type="LINE" missed="1" covered="0"/><counter type="COMPLEXITY" missed="1" covered="0"/><counter type="METHOD" missed="1" covered="0"/></method><method name="toString" desc="()Ljava/lang/String;" line="370"><counter type="INSTRUCTION" missed="17" covered="0"/><counter type="LINE" missed="1" covered="0"/><counter type="COMPLEXITY" missed="1" covered="0"/><counter type="METHOD" missed="1" covered="0"/></method><counter type="INSTRUCTION" missed="42" covered="34"/><counter type="BRANCH" missed="1" covered="5"/><counter type="LINE" missed="8" covered="7"/><counter type="COMPLEXITY" missed="5" covered="3"/><counter type="METHOD" missed="4" covered="1"/><counter type="CLASS" missed="0" covered="1"/></class><class name="org/mal_lang/lib/AST$Define" sourcefilename="AST.java"><method name="&lt;init&gt;" desc="(Lorg/mal_lang/lib/Position;Lorg/mal_lang/lib/AST$ID;Ljava/lang/String;)V" line="92"><counter type="INSTRUCTION" missed="0" covered="10"/><counter type="LINE" missed="0" covered="4"/><counter type="COMPLEXITY" missed="0" covered="1"/><counter type="METHOD" missed="0" covered="1"/></method><method name="toString" desc="()Ljava/lang/String;" line="99"><counter type="INSTRUCTION" missed="0" covered="21"/><counter type="LINE" missed="0" covered="1"/><counter type="COMPLEXITY" missed="0" covered="1"/><counter type="METHOD" missed="0" covered="1"/></method><method name="listToString" desc="(Ljava/util/List;I)Ljava/lang/String;" line="103"><counter type="INSTRUCTION" missed="0" covered="77"/><counter type="BRANCH" missed="0" covered="4"/><counter type="LINE" missed="0" covered="10"/><counter type="COMPLEXITY" missed="0" covered="3"/><counter type="METHOD" missed="0" covered="1"/></method><counter type="INSTRUCTION" missed="0" covered="108"/><counter type="BRANCH" missed="0" covered="4"/><counter type="LINE" missed="0" covered="15"/><counter type="COMPLEXITY" missed="0" covered="5"/><counter type="METHOD" missed="0" covered="3"/><counter type="CLASS" missed="0" covered="1"/></class><class name="org/mal_lang/lib/Distributions$VeryHardAndCertain" sourcefilename="Distributions.java"><method name="&lt;init&gt;" desc="()V" line="478"><counter type="INSTRUCTION" missed="3" covered="0"/><counter type="LINE" missed="1" covered="0"/><counter type="COMPLEXITY" missed="1" covered="0"/><counter type="METHOD" missed="1" covered="0"/></method><method name="getMean" desc="()D" line="483"><counter type="INSTRUCTION" missed="3" covered="0"/><counter type="LINE" missed="1" covered="0"/><counter type="COMPLEXITY" missed="1" covered="0"/><counter type="METHOD" missed="1" covered="0"/></method><method name="toString" desc="()Ljava/lang/String;" line="488"><counter type="INSTRUCTION" missed="2" covered="0"/><counter type="LINE" missed="1" covered="0"/><counter type="COMPLEXITY" missed="1" covered="0"/><counter type="METHOD" missed="1" covered="0"/></method><method name="&lt;clinit&gt;" desc="()V" line="479"><counter type="INSTRUCTION" missed="6" covered="0"/><counter type="LINE" missed="1" covered="0"/><counter type="COMPLEXITY" missed="1" covered="0"/><counter type="METHOD" missed="1" covered="0"/></method><counter type="INSTRUCTION" missed="14" covered="0"/><counter type="LINE" missed="4" covered="0"/><counter type="COMPLEXITY" missed="4" covered="0"/><counter type="METHOD" missed="4" covered="0"/><counter type="CLASS" missed="1" covered="0"/></class><class name="org/mal_lang/lib/AST$AttackStep" sourcefilename="AST.java"><method name="&lt;init&gt;" desc="(Lorg/mal_lang/lib/Position;Lorg/mal_lang/lib/AST$AttackStepType;Lorg/mal_lang/lib/AST$ID;Ljava/util/List;Ljava/util/Optional;Ljava/util/Optional;Ljava/util/List;Ljava/util/Optional;Ljava/util/Optional;)V" line="276"><counter type="INSTRUCTION" missed="0" covered="28"/><counter type="LINE" missed="0" covered="10"/><counter type="COMPLEXITY" missed="0" covered="1"/><counter type="METHOD" missed="0" covered="1"/></method><method name="toString" desc="(I)Ljava/lang/String;" line="288"><counter type="INSTRUCTION" missed="48" covered="198"/><counter type="BRANCH" missed="5" covered="7"/><counter type="LINE" missed="5" covered="21"/><counter type="COMPLEXITY" missed="4" covered="3"/><counter type="METHOD" missed="0" covered="1"/></method><method name="listToString" desc="(Ljava/util/List;I)Ljava/lang/String;" line="327"><counter type="INSTRUCTION" missed="0" covered="76"/><counter type="BRANCH" missed="0" covered="4"/><counter type="LINE" missed="0" covered="10"/><counter type="COMPLEXITY" missed="0" covered="3"/><counter type="METHOD" missed="0" covered="1"/></method><counter type="INSTRUCTION" missed="48" covered="302"/><counter type="BRANCH" missed="5" covered="11"/><counter type="LINE" missed="5" covered="41"/><counter type="COMPLEXITY" missed="4" covered="7"/><counter type="METHOD" missed="0" covered="3"/><counter type="CLASS" missed="0" covered="1"/></class><class name="org/mal_lang/lib/Distributions$Binomial" sourcefilename="Distributions.java"><method name="&lt;init&gt;" desc="(ID)V" line="151"><counter type="INSTRUCTION" missed="9" covered="0"/><counter type="LINE" missed="4" covered="0"/><counter type="COMPLEXITY" missed="1" covered="0"/><counter type="METHOD" missed="1" covered="0"/></method><method name="&lt;init&gt;" desc="(Ljava/util/List;)V" line="157"><counter type="INSTRUCTION" missed="15" covered="0"/><counter type="LINE" missed="2" covered="0"/><counter type="COMPLEXITY" missed="1" covered="0"/><counter type="METHOD" missed="1" covered="0"/></method><method name="validate" desc="(Ljava/util/List;)V" line="161"><counter type="INSTRUCTION" missed="0" covered="34"/><counter type="BRANCH" missed="1" covered="5"/><counter type="LINE" missed="0" covered="7"/><counter type="COMPLEXITY" missed="1" covered="3"/><counter type="METHOD" missed="0" covered="1"/></method><method name="getMean" desc="()D" line="174"><counter type="INSTRUCTION" missed="7" covered="0"/><counter type="LINE" missed="1" covered="0"/><counter type="COMPLEXITY" missed="1" covered="0"/><counter type="METHOD" missed="1" covered="0"/></method><method name="toString" desc="()Ljava/lang/String;" line="179"><counter type="INSTRUCTION" missed="17" covered="0"/><counter type="LINE" missed="1" covered="0"/><counter type="COMPLEXITY" missed="1" covered="0"/><counter type="METHOD" missed="1" covered="0"/></method><counter type="INSTRUCTION" missed="48" covered="34"/><counter type="BRANCH" missed="1" covered="5"/><counter type="LINE" missed="8" covered="7"/><counter type="COMPLEXITY" missed="5" covered="3"/><counter type="METHOD" missed="4" covered="1"/><counter type="CLASS" missed="0" covered="1"/></class><class name="org/mal_lang/lib/AST$AttackStepType" sourcefilename="AST.java"><method name="&lt;clinit&gt;" desc="()V" line="248"><counter type="INSTRUCTION" missed="0" covered="54"/><counter type="LINE" missed="0" covered="6"/><counter type="COMPLEXITY" missed="0" covered="1"/><counter type="METHOD" missed="0" covered="1"/></method><counter type="INSTRUCTION" missed="0" covered="54"/><counter type="LINE" missed="0" covered="6"/><counter type="COMPLEXITY" missed="0" covered="1"/><counter type="METHOD" missed="0" covered="1"/><counter type="CLASS" missed="0" covered="1"/></class><class name="org/mal_lang/lib/MalLogger$MalLevel" sourcefilename="MalLogger.java"><method name="&lt;init&gt;" desc="(Ljava/lang/String;I)V" line="36"><counter type="INSTRUCTION" missed="0" covered="5"/><counter type="LINE" missed="0" covered="2"/><counter type="COMPLEXITY" missed="0" covered="1"/><counter type="METHOD" missed="0" covered="1"/></method><method name="&lt;clinit&gt;" desc="()V" line="30"><counter type="INSTRUCTION" missed="0" covered="37"/><counter type="LINE" missed="0" covered="4"/><counter type="COMPLEXITY" missed="0" covered="1"/><counter type="METHOD" missed="0" covered="1"/></method><counter type="INSTRUCTION" missed="0" covered="42"/><counter type="LINE" missed="0" covered="6"/><counter type="COMPLEXITY" missed="0" covered="2"/><counter type="METHOD" missed="0" covered="2"/><counter type="CLASS" missed="0" covered="1"/></class><class name="org/mal_lang/lib/AST$Reaches" sourcefilename="AST.java"><method name="&lt;init&gt;" desc="(Lorg/mal_lang/lib/Position;ZLjava/util/List;)V" line="490"><counter type="INSTRUCTION" missed="0" covered="10"/><counter type="LINE" missed="0" covered="4"/><counter type="COMPLEXITY" missed="0" covered="1"/><counter type="METHOD" missed="0" covered="1"/></method><method name="toString" desc="(I)Ljava/lang/String;" line="496"><counter type="INSTRUCTION" missed="0" covered="64"/><counter type="BRANCH" missed="0" covered="2"/><counter type="LINE" missed="0" covered="8"/><counter type="COMPLEXITY" missed="0" covered="2"/><counter type="METHOD" missed="0" covered="1"/></method><counter type="INSTRUCTION" missed="0" covered="74"/><counter type="BRANCH" missed="0" covered="2"/><counter type="LINE" missed="0" covered="12"/><counter type="COMPLEXITY" missed="0" covered="3"/><counter type="METHOD" missed="0" covered="2"/><counter type="CLASS" missed="0" covered="1"/></class><class name="org/mal_lang/lib/TokenType" sourcefilename="TokenType.java"><method name="&lt;init&gt;" desc="(Ljava/lang/String;ILjava/lang/String;)V" line="72"><counter type="INSTRUCTION" missed="0" covered="8"/><counter type="LINE" missed="0" covered="3"/><counter type="COMPLEXITY" missed="0" covered="1"/><counter type="METHOD" missed="0" covered="1"/></method><method name="toString" desc="()Ljava/lang/String;" line="78"><counter type="INSTRUCTION" missed="0" covered="3"/><counter type="LINE" missed="0" covered="1"/><counter type="COMPLEXITY" missed="0" covered="1"/><counter type="METHOD" missed="0" covered="1"/></method><method name="&lt;clinit&gt;" desc="()V" line="19"><counter type="INSTRUCTION" missed="0" covered="521"/><counter type="LINE" missed="0" covered="48"/><counter type="COMPLEXITY" missed="0" covered="1"/><counter type="METHOD" missed="0" covered="1"/></method><counter type="INSTRUCTION" missed="0" covered="532"/><counter type="LINE" missed="0" covered="52"/><counter type="COMPLEXITY" missed="0" covered="3"/><counter type="METHOD" missed="0" covered="3"/><counter type="CLASS" missed="0" covered="1"/></class><class name="org/mal_lang/lib/CompilerException" sourcefilename="CompilerException.java"><method name="&lt;init&gt;" desc="()V" line="22"><counter type="INSTRUCTION" missed="4" covered="0"/><counter type="LINE" missed="2" covered="0"/><counter type="COMPLEXITY" missed="1" covered="0"/><counter type="METHOD" missed="1" covered="0"/></method><method name="&lt;init&gt;" desc="(Ljava/lang/String;)V" line="26"><counter type="INSTRUCTION" missed="0" covered="4"/><counter type="LINE" missed="0" covered="2"/><counter type="COMPLEXITY" missed="0" covered="1"/><counter type="METHOD" missed="0" covered="1"/></method><counter type="INSTRUCTION" missed="4" covered="4"/><counter type="LINE" missed="2" covered="2"/><counter type="COMPLEXITY" missed="1" covered="1"/><counter type="METHOD" missed="1" covered="1"/><counter type="CLASS" missed="0" covered="1"/></class><class name="org/mal_lang/lib/AST$Expr" sourcefilename="AST.java"><method name="&lt;init&gt;" desc="(Lorg/mal_lang/lib/Position;)V" line="540"><counter type="INSTRUCTION" missed="0" covered="4"/><counter type="LINE" missed="0" covered="2"/><counter type="COMPLEXITY" missed="0" covered="1"/><counter type="METHOD" missed="0" covered="1"/></method><method name="listToString" desc="(Ljava/util/List;Ljava/lang/String;I)Ljava/lang/String;" line="544"><counter type="INSTRUCTION" missed="0" covered="81"/><counter type="BRANCH" missed="0" covered="4"/><counter type="LINE" missed="0" covered="10"/><counter type="COMPLEXITY" missed="0" covered="3"/><counter type="METHOD" missed="0" covered="1"/></method><counter type="INSTRUCTION" missed="0" covered="85"/><counter type="BRANCH" missed="0" covered="4"/><counter type="LINE" missed="0" covered="12"/><counter type="COMPLEXITY" missed="0" covered="4"/><counter type="METHOD" missed="0" covered="2"/><counter type="CLASS" missed="0" covered="1"/></class><class name="org/mal_lang/lib/Distributions" sourcefilename="Distributions.java"><method name="&lt;init&gt;" desc="()V" line="21"><counter type="INSTRUCTION" missed="3" covered="0"/><counter type="LINE" missed="1" covered="0"/><counter type="COMPLEXITY" missed="1" covered="0"/><counter type="METHOD" missed="1" covered="0"/></method><method name="validate" desc="(Ljava/lang/String;Ljava/util/List;)V" line="24"><counter type="INSTRUCTION" missed="0" covered="48"/><counter type="BRANCH" missed="0" covered="10"/><counter type="LINE" missed="0" covered="21"/><counter type="COMPLEXITY" missed="0" covered="10"/><counter type="METHOD" missed="0" covered="1"/></method><method name="getDistribution" desc="(Ljava/lang/String;Ljava/util/List;)Lorg/mal_lang/lib/Distributions$Distribution;" line="67"><counter type="INSTRUCTION" missed="100" covered="0"/><counter type="BRANCH" missed="19" covered="0"/><counter type="LINE" missed="20" covered="0"/><counter type="COMPLEXITY" missed="19" covered="0"/><counter type="METHOD" missed="1" covered="0"/></method><counter type="INSTRUCTION" missed="103" covered="48"/><counter type="BRANCH" missed="19" covered="10"/><counter type="LINE" missed="21" covered="21"/><counter type="COMPLEXITY" missed="20" covered="10"/><counter type="METHOD" missed="2" covered="1"/><counter type="CLASS" missed="0" covered="1"/></class><class name="org/mal_lang/lib/Token" sourcefilename="Token.java"><method name="&lt;init&gt;" desc="(Lorg/mal_lang/lib/TokenType;Ljava/lang/String;II)V" line="30"><counter type="INSTRUCTION" missed="0" covered="24"/><counter type="LINE" missed="0" covered="8"/><counter type="COMPLEXITY" missed="0" covered="1"/><counter type="METHOD" missed="0" covered="1"/></method><method name="&lt;init&gt;" desc="(Lorg/mal_lang/lib/TokenType;Ljava/lang/String;IILjava/lang/String;)V" line="40"><counter type="INSTRUCTION" missed="0" covered="24"/><counter type="LINE" missed="0" covered="8"/><counter type="COMPLEXITY" missed="0" covered="1"/><counter type="METHOD" missed="0" covered="1"/></method><method name="&lt;init&gt;" desc="(Lorg/mal_lang/lib/Token;Ljava/util/List;Ljava/util/List;)V" line="50"><counter type="INSTRUCTION" missed="0" covered="31"/><counter type="LINE" missed="0" covered="8"/><counter type="COMPLEXITY" missed="0" covered="1"/><counter type="METHOD" missed="0" covered="1"/></method><method name="&lt;init&gt;" desc="(Lorg/mal_lang/lib/TokenType;Ljava/lang/String;IID)V" line="60"><counter type="INSTRUCTION" missed="0" covered="24"/><counter type="LINE" missed="0" covered="8"/><counter type="COMPLEXITY" missed="0" covered="1"/><counter type="METHOD" missed="0" covered="1"/></method><method name="&lt;init&gt;" desc="(Lorg/mal_lang/lib/TokenType;Ljava/lang/String;III)V" line="70"><counter type="INSTRUCTION" missed="0" covered="24"/><counter type="LINE" missed="0" covered="8"/><counter type="COMPLEXITY" missed="0" covered="1"/><counter type="METHOD" missed="0" covered="1"/></method><method name="toString" desc="()Ljava/lang/String;" line="81"><counter type="INSTRUCTION" missed="57" covered="0"/><counter type="BRANCH" missed="4" covered="0"/><counter type="LINE" missed="15" covered="0"/><counter type="COMPLEXITY" missed="4" covered="0"/><counter type="METHOD" missed="1" covered="0"/></method><counter type="INSTRUCTION" missed="57" covered="127"/><counter type="BRANCH" missed="4" covered="0"/><counter type="LINE" missed="15" covered="40"/><counter type="COMPLEXITY" missed="4" covered="5"/><counter type="METHOD" missed="1" covered="5"/><counter type="CLASS" missed="0" covered="1"/></class><class name="org/mal_lang/lib/AST$Multiplicity" sourcefilename="AST.java"><method name="&lt;init&gt;" desc="(Ljava/lang/String;ILjava/lang/String;)V" line="760"><counter type="INSTRUCTION" missed="0" covered="8"/><counter type="LINE" missed="0" covered="3"/><counter type="COMPLEXITY" missed="0" covered="1"/><counter type="METHOD" missed="0" covered="1"/></method><method name="toString" desc="()Ljava/lang/String;" line="766"><counter type="INSTRUCTION" missed="3" covered="0"/><counter type="LINE" missed="1" covered="0"/><counter type="COMPLEXITY" missed="1" covered="0"/><counter type="METHOD" missed="1" covered="0"/></method><method name="&lt;clinit&gt;" desc="()V" line="752"><counter type="INSTRUCTION" missed="0" covered="48"/><counter type="LINE" missed="0" covered="5"/><counter type="COMPLEXITY" missed="0" covered="1"/><counter type="METHOD" missed="0" covered="1"/></method><counter type="INSTRUCTION" missed="3" covered="56"/><counter type="LINE" missed="1" covered="8"/><counter type="COMPLEXITY" missed="1" covered="2"/><counter type="METHOD" missed="1" covered="2"/><counter type="CLASS" missed="0" covered="1"/></class><class name="org/mal_lang/lib/Distributions$Bernoulli" sourcefilename="Distributions.java"><method name="&lt;init&gt;" desc="(D)V" line="116"><counter type="INSTRUCTION" missed="6" covered="0"/><counter type="LINE" missed="3" covered="0"/><counter type="COMPLEXITY" missed="1" covered="0"/><counter type="METHOD" missed="1" covered="0"/></method><method name="&lt;init&gt;" desc="(Ljava/util/List;)V" line="121"><counter type="INSTRUCTION" missed="8" covered="0"/><counter type="LINE" missed="2" covered="0"/><counter type="COMPLEXITY" missed="1" covered="0"/><counter type="METHOD" missed="1" covered="0"/></method><method name="validate" desc="(Ljava/util/List;)V" line="125"><counter type="INSTRUCTION" missed="0" covered="34"/><counter type="BRANCH" missed="1" covered="5"/><counter type="LINE" missed="0" covered="7"/><counter type="COMPLEXITY" missed="1" covered="3"/><counter type="METHOD" missed="0" covered="1"/></method><method name="getMean" desc="()D" line="138"><counter type="INSTRUCTION" missed="3" covered="0"/><counter type="LINE" missed="1" covered="0"/><counter type="COMPLEXITY" missed="1" covered="0"/><counter type="METHOD" missed="1" covered="0"/></method><method name="toString" desc="()Ljava/lang/String;" line="143"><counter type="INSTRUCTION" missed="11" covered="0"/><counter type="LINE" missed="1" covered="0"/><counter type="COMPLEXITY" missed="1" covered="0"/><counter type="METHOD" missed="1" covered="0"/></method><counter type="INSTRUCTION" missed="28" covered="34"/><counter type="BRANCH" missed="1" covered="5"/><counter type="LINE" missed="7" covered="7"/><counter type="COMPLEXITY" missed="5" covered="3"/><counter type="METHOD" missed="4" covered="1"/><counter type="CLASS" missed="0" covered="1"/></class><class name="org/mal_lang/lib/AST" sourcefilename="AST.java"><method name="&lt;init&gt;" desc="()V" line="23"><counter type="INSTRUCTION" missed="0" covered="18"/><counter type="LINE" missed="0" covered="4"/><counter type="COMPLEXITY" missed="0" covered="1"/><counter type="METHOD" missed="0" covered="1"/></method><method name="toString" desc="()Ljava/lang/String;" line="30"><counter type="INSTRUCTION" missed="0" covered="49"/><counter type="LINE" missed="0" covered="5"/><counter type="COMPLEXITY" missed="0" covered="1"/><counter type="METHOD" missed="0" covered="1"/></method><method name="include" desc="(Lorg/mal_lang/lib/AST;)V" line="38"><counter type="INSTRUCTION" missed="0" covered="19"/><counter type="LINE" missed="0" covered="4"/><counter type="COMPLEXITY" missed="0" covered="1"/><counter type="METHOD" missed="0" covered="1"/></method><method name="getCategories" desc="()Ljava/util/List;" line="44"><counter type="INSTRUCTION" missed="0" covered="11"/><counter type="LINE" missed="0" covered="3"/><counter type="COMPLEXITY" missed="0" covered="1"/><counter type="METHOD" missed="0" covered="1"/></method><method name="addCategory" desc="(Lorg/mal_lang/lib/AST$Category;)V" line="50"><counter type="INSTRUCTION" missed="0" covered="6"/><counter type="LINE" missed="0" covered="2"/><counter type="COMPLEXITY" missed="0" covered="1"/><counter type="METHOD" missed="0" covered="1"/></method><method name="getAssociations" desc="()Ljava/util/List;" line="54"><counter type="INSTRUCTION" missed="0" covered="11"/><counter type="LINE" missed="0" covered="3"/><counter type="COMPLEXITY" missed="0" covered="1"/><counter type="METHOD" missed="0" covered="1"/></method><method name="addAssociations" desc="(Ljava/util/List;)V" line="60"><counter type="INSTRUCTION" missed="0" covered="6"/><counter type="LINE" missed="0" covered="2"/><counter type="COMPLEXITY" missed="0" covered="1"/><counter type="METHOD" missed="0" covered="1"/></method><method name="getDefines" desc="()Ljava/util/List;" line="64"><counter type="INSTRUCTION" missed="0" covered="11"/><counter type="LINE" missed="0" covered="3"/><counter type="COMPLEXITY" missed="0" covered="1"/><counter type="METHOD" missed="0" covered="1"/></method><method name="addDefine" desc="(Lorg/mal_lang/lib/AST$Define;)V" line="70"><counter type="INSTRUCTION" missed="0" covered="6"/><counter type="LINE" missed="0" covered="2"/><counter type="COMPLEXITY" missed="0" covered="1"/><counter type="METHOD" missed="0" covered="1"/></method><counter type="INSTRUCTION" missed="0" covered="137"/><counter type="LINE" missed="0" covered="28"/><counter type="COMPLEXITY" missed="0" covered="9"/><counter type="METHOD" missed="0" covered="9"/><counter type="CLASS" missed="0" covered="1"/></class><class name="org/mal_lang/lib/Distributions$Distribution" sourcefilename="Distributions.java"/><class name="org/mal_lang/lib/Distributions$Gamma" sourcefilename="Distributions.java"><method name="&lt;init&gt;" desc="(DD)V" line="221"><counter type="INSTRUCTION" missed="9" covered="0"/><counter type="LINE" missed="4" covered="0"/><counter type="COMPLEXITY" missed="1" covered="0"/><counter type="METHOD" missed="1" covered="0"/></method><method name="&lt;init&gt;" desc="(Ljava/util/List;)V" line="227"><counter type="INSTRUCTION" missed="13" covered="0"/><counter type="LINE" missed="2" covered="0"/><counter type="COMPLEXITY" missed="1" covered="0"/><counter type="METHOD" missed="1" covered="0"/></method><method name="validate" desc="(Ljava/util/List;)V" line="231"><counter type="INSTRUCTION" missed="0" covered="56"/><counter type="BRANCH" missed="1" covered="7"/><counter type="LINE" missed="0" covered="11"/><counter type="COMPLEXITY" missed="1" covered="4"/><counter type="METHOD" missed="0" covered="1"/></method><method name="getMean" desc="()D" line="247"><counter type="INSTRUCTION" missed="6" covered="0"/><counter type="LINE" missed="1" covered="0"/><counter type="COMPLEXITY" missed="1" covered="0"/><counter type="METHOD" missed="1" covered="0"/></method><method name="toString" desc="()Ljava/lang/String;" line="252"><counter type="INSTRUCTION" missed="17" covered="0"/><counter type="LINE" missed="1" covered="0"/><counter type="COMPLEXITY" missed="1" covered="0"/><counter type="METHOD" missed="1" covered="0"/></method><counter type="INSTRUCTION" missed="45" covered="56"/><counter type="BRANCH" missed="1" covered="7"/><counter type="LINE" missed="8" covered="11"/><counter type="COMPLEXITY" missed="5" covered="4"/><counter type="METHOD" missed="4" covered="1"/><counter type="CLASS" missed="0" covered="1"/></class><class name="org/mal_lang/lib/AST$CallExpr" sourcefilename="AST.java"><method name="&lt;init&gt;" desc="(Lorg/mal_lang/lib/Position;Lorg/mal_lang/lib/AST$ID;)V" line="669"><counter type="INSTRUCTION" missed="0" covered="7"/><counter type="LINE" missed="0" covered="3"/><counter type="COMPLEXITY" missed="0" covered="1"/><counter type="METHOD" missed="0" covered="1"/></method><method name="toString" desc="()Ljava/lang/String;" line="675"><counter type="INSTRUCTION" missed="16" covered="0"/><counter type="LINE" missed="1" covered="0"/><counter type="COMPLEXITY" missed="1" covered="0"/><counter type="METHOD" missed="1" covered="0"/></method><counter type="INSTRUCTION" missed="16" covered="7"/><counter type="LINE" missed="1" covered="3"/><counter type="COMPLEXITY" missed="1" covered="1"/><counter type="METHOD" missed="1" covered="1"/><counter type="CLASS" missed="0" covered="1"/></class><class name="org/mal_lang/lib/Distributions$EasyAndCertain" sourcefilename="Distributions.java"><method name="&lt;init&gt;" desc="()V" line="421"><counter type="INSTRUCTION" missed="3" covered="0"/><counter type="LINE" missed="1" covered="0"/><counter type="COMPLEXITY" missed="1" covered="0"/><counter type="METHOD" missed="1" covered="0"/></method><method name="getMean" desc="()D" line="426"><counter type="INSTRUCTION" missed="3" covered="0"/><counter type="LINE" missed="1" covered="0"/><counter type="COMPLEXITY" missed="1" covered="0"/><counter type="METHOD" missed="1" covered="0"/></method><method name="toString" desc="()Ljava/lang/String;" line="431"><counter type="INSTRUCTION" missed="2" covered="0"/><counter type="LINE" missed="1" covered="0"/><counter type="COMPLEXITY" missed="1" covered="0"/><counter type="METHOD" missed="1" covered="0"/></method><method name="&lt;clinit&gt;" desc="()V" line="422"><counter type="INSTRUCTION" missed="6" covered="0"/><counter type="LINE" missed="1" covered="0"/><counter type="COMPLEXITY" missed="1" covered="0"/><counter type="METHOD" missed="1" covered="0"/></method><counter type="INSTRUCTION" missed="14" covered="0"/><counter type="LINE" missed="4" covered="0"/><counter type="COMPLEXITY" missed="4" covered="0"/><counter type="METHOD" missed="4" covered="0"/><counter type="CLASS" missed="1" covered="0"/></class><class name="org/mal_lang/lib/Analyzer" sourcefilename="Analyzer.java"><method name="&lt;init&gt;" desc="(Lorg/mal_lang/lib/AST;ZZ)V" line="33"><counter type="INSTRUCTION" missed="0" covered="51"/><counter type="LINE" missed="0" covered="12"/><counter type="COMPLEXITY" missed="0" covered="1"/><counter type="METHOD" missed="0" covered="1"/></method><method name="analyze" desc="(Lorg/mal_lang/lib/AST;)V" line="51"><counter type="INSTRUCTION" missed="0" covered="5"/><counter type="LINE" missed="0" covered="2"/><counter type="COMPLEXITY" missed="0" covered="1"/><counter type="METHOD" missed="0" covered="1"/></method><method name="analyze" desc="(Lorg/mal_lang/lib/AST;ZZ)V" line="55"><counter type="INSTRUCTION" missed="0" covered="8"/><counter type="LINE" missed="0" covered="2"/><counter type="COMPLEXITY" missed="0" covered="1"/><counter type="METHOD" missed="0" covered="1"/></method><method name="analyzeLog" desc="()V" line="60"><counter type="INSTRUCTION" missed="0" covered="13"/><counter type="LINE" missed="0" covered="7"/><counter type="COMPLEXITY" missed="0" covered="1"/><counter type="METHOD" missed="0" covered="1"/></method><method name="_analyze" desc="()V" line="69"><counter type="INSTRUCTION" missed="3" covered="36"/><counter type="BRANCH" missed="1" covered="1"/><counter type="LINE" missed="1" covered="18"/><counter type="COMPLEXITY" missed="1" covered="1"/><counter type="METHOD" missed="0" covered="1"/></method><method name="collectAssociations" desc="()V" line="97"><counter type="INSTRUCTION" missed="0" covered="17"/><counter type="BRANCH" missed="0" covered="2"/><counter type="LINE" missed="0" covered="4"/><counter type="COMPLEXITY" missed="0" covered="2"/><counter type="METHOD" missed="0" covered="1"/></method><method name="addVariableReference" desc="(Lorg/mal_lang/lib/AST$Variable;)V" line="103"><counter type="INSTRUCTION" missed="0" covered="17"/><counter type="LINE" missed="0" covered="3"/><counter type="COMPLEXITY" missed="0" covered="1"/><counter type="METHOD" missed="0" covered="1"/></method><method name="setupFieldReferenceCounts" desc="(Lorg/mal_lang/lib/AST$Association;)V" line="108"><counter type="INSTRUCTION" missed="0" covered="27"/><counter type="LINE" missed="0" covered="5"/><counter type="COMPLEXITY" missed="0" covered="1"/><counter type="METHOD" missed="0" covered="1"/></method><method name="addFieldReference" desc="(Lorg/mal_lang/lib/AST$Association;Lorg/mal_lang/lib/AST$ID;)V" line="115"><counter type="INSTRUCTION" missed="0" covered="23"/><counter type="LINE" missed="0" covered="4"/><counter type="COMPLEXITY" missed="0" covered="1"/><counter type="METHOD" missed="0" covered="1"/></method><method name="checkAssociations" desc="()V" line="121"><counter type="INSTRUCTION" missed="16" covered="51"/><counter type="BRANCH" missed="1" covered="7"/><counter type="LINE" missed="2" covered="11"/><counter type="COMPLEXITY" missed="1" covered="4"/><counter type="METHOD" missed="0" covered="1"/></method><method name="checkUnused" desc="()V" line="141"><counter type="INSTRUCTION" missed="0" covered="97"/><counter type="BRANCH" missed="0" covered="12"/><counter type="LINE" missed="0" covered="20"/><counter type="COMPLEXITY" missed="0" covered="7"/><counter type="METHOD" missed="0" covered="1"/></method><method name="checkDefines" desc="()V" line="168"><counter type="INSTRUCTION" missed="0" covered="85"/><counter type="BRANCH" missed="0" covered="12"/><counter type="LINE" missed="0" covered="19"/><counter type="COMPLEXITY" missed="0" covered="7"/><counter type="METHOD" missed="0" covered="1"/></method><method name="checkCategories" desc="()V" line="200"><counter type="INSTRUCTION" missed="0" covered="37"/><counter type="BRANCH" missed="0" covered="6"/><counter type="LINE" missed="0" covered="6"/><counter type="COMPLEXITY" missed="0" covered="4"/><counter type="METHOD" missed="0" covered="1"/></method><method name="checkMetas" desc="()V" line="211"><counter type="INSTRUCTION" missed="0" covered="120"/><counter type="BRANCH" missed="0" covered="14"/><counter type="LINE" missed="0" covered="21"/><counter type="COMPLEXITY" missed="0" covered="8"/><counter type="METHOD" missed="0" covered="1"/></method><method name="checkMeta" desc="(Ljava/util/List;)V" line="238"><counter type="INSTRUCTION" missed="0" covered="55"/><counter type="BRANCH" missed="0" covered="4"/><counter type="LINE" missed="0" covered="10"/><counter type="COMPLEXITY" missed="0" covered="3"/><counter type="METHOD" missed="0" covered="1"/></method><method name="checkAssets" desc="()V" line="253"><counter type="INSTRUCTION" missed="0" covered="70"/><counter type="BRANCH" missed="0" covered="6"/><counter type="LINE" missed="0" covered="12"/><counter type="COMPLEXITY" missed="0" covered="4"/><counter type="METHOD" missed="0" covered="1"/></method><method name="checkExtends" desc="()V" line="269"><counter type="INSTRUCTION" missed="5" covered="29"/><counter type="BRANCH" missed="2" covered="6"/><counter type="LINE" missed="2" covered="7"/><counter type="COMPLEXITY" missed="2" covered="3"/><counter type="METHOD" missed="0" covered="1"/></method><method name="checkParents" desc="()V" line="283"><counter type="INSTRUCTION" missed="0" covered="99"/><counter type="BRANCH" missed="0" covered="12"/><counter type="LINE" missed="0" covered="22"/><counter type="COMPLEXITY" missed="0" covered="7"/><counter type="METHOD" missed="0" covered="1"/></method><method name="checkAbstract" desc="()V" line="312"><counter type="INSTRUCTION" missed="0" covered="66"/><counter type="BRANCH" missed="0" covered="12"/><counter type="LINE" missed="0" covered="13"/><counter type="COMPLEXITY" missed="0" covered="7"/><counter type="METHOD" missed="0" covered="1"/></method><method name="checkSteps" desc="()V" line="331"><counter type="INSTRUCTION" missed="0" covered="30"/><counter type="BRANCH" missed="0" covered="2"/><counter type="LINE" missed="0" covered="6"/><counter type="COMPLEXITY" missed="0" covered="2"/><counter type="METHOD" missed="0" covered="1"/></method><method name="checkCIA" desc="()V" line="339"><counter type="INSTRUCTION" missed="0" covered="99"/><counter type="BRANCH" missed="2" covered="14"/><counter type="LINE" missed="0" covered="15"/><counter type="COMPLEXITY" missed="2" covered="7"/><counter type="METHOD" missed="0" covered="1"/></method><method name="checkTTC" desc="()V" line="365"><counter type="INSTRUCTION" missed="0" covered="123"/><counter type="BRANCH" missed="1" covered="15"/><counter type="LINE" missed="0" covered="23"/><counter type="COMPLEXITY" missed="1" covered="8"/><counter type="METHOD" missed="0" covered="1"/></method><method name="checkTTCExpr" desc="(Lorg/mal_lang/lib/AST$TTCExpr;)V" line="407"><counter type="INSTRUCTION" missed="0" covered="5"/><counter type="LINE" missed="0" covered="2"/><counter type="COMPLEXITY" missed="0" covered="1"/><counter type="METHOD" missed="0" covered="1"/></method><method name="checkTTCExpr" desc="(Lorg/mal_lang/lib/AST$TTCExpr;Z)V" line="411"><counter type="INSTRUCTION" missed="14" covered="102"/><counter type="BRANCH" missed="1" covered="19"/><counter type="LINE" missed="2" covered="17"/><counter type="COMPLEXITY" missed="1" covered="10"/><counter type="METHOD" missed="0" covered="1"/></method><method name="getParents" desc="(Lorg/mal_lang/lib/AST$Asset;)Ljava/util/LinkedList;" line="457"><counter type="INSTRUCTION" missed="0" covered="24"/><counter type="BRANCH" missed="0" covered="2"/><counter type="LINE" missed="0" covered="6"/><counter type="COMPLEXITY" missed="0" covered="2"/><counter type="METHOD" missed="0" covered="1"/></method><method name="readSteps" desc="(Lorg/mal_lang/lib/Scope;Lorg/mal_lang/lib/AST$Asset;)V" line="474"><counter type="INSTRUCTION" missed="0" covered="161"/><counter type="BRANCH" missed="0" covered="16"/><counter type="LINE" missed="0" covered="26"/><counter type="COMPLEXITY" missed="0" covered="9"/><counter type="METHOD" missed="0" covered="1"/></method><method name="checkVariables" desc="()V" line="526"><counter type="INSTRUCTION" missed="0" covered="80"/><counter type="BRANCH" missed="0" covered="6"/><counter type="LINE" missed="0" covered="13"/><counter type="COMPLEXITY" missed="0" covered="4"/><counter type="METHOD" missed="0" covered="1"/></method><method name="readVariables" desc="(Lorg/mal_lang/lib/Scope;Lorg/mal_lang/lib/AST$Asset;)V" line="548"><counter type="INSTRUCTION" missed="0" covered="49"/><counter type="BRANCH" missed="0" covered="6"/><counter type="LINE" missed="0" covered="10"/><counter type="COMPLEXITY" missed="0" covered="4"/><counter type="METHOD" missed="0" covered="1"/></method><method name="checkFields" desc="()V" line="561"><counter type="INSTRUCTION" missed="0" covered="30"/><counter type="BRANCH" missed="0" covered="2"/><counter type="LINE" missed="0" covered="6"/><counter type="COMPLEXITY" missed="0" covered="2"/><counter type="METHOD" missed="0" covered="1"/></method><method name="readFields" desc="(Lorg/mal_lang/lib/Scope;Lorg/mal_lang/lib/AST$Asset;)V" line="575"><counter type="INSTRUCTION" missed="0" covered="78"/><counter type="BRANCH" missed="0" covered="10"/><counter type="LINE" missed="0" covered="13"/><counter type="COMPLEXITY" missed="0" covered="6"/><counter type="METHOD" missed="0" covered="1"/></method><method name="addField" desc="(Lorg/mal_lang/lib/Scope;Lorg/mal_lang/lib/AST$Asset;Lorg/mal_lang/lib/AST$Asset;Lorg/mal_lang/lib/AST$ID;Lorg/mal_lang/lib/AST$Association;)V" line="599"><counter type="INSTRUCTION" missed="20" covered="58"/><counter type="BRANCH" missed="2" covered="4"/><counter type="LINE" missed="4" covered="12"/><counter type="COMPLEXITY" missed="2" covered="2"/><counter type="METHOD" missed="0" covered="1"/></method><method name="addVariable" desc="(Lorg/mal_lang/lib/Scope;Lorg/mal_lang/lib/AST$Variable;)V" line="630"><counter type="INSTRUCTION" missed="0" covered="44"/><counter type="BRANCH" missed="0" covered="2"/><counter type="LINE" missed="0" covered="8"/><counter type="COMPLEXITY" missed="0" covered="2"/><counter type="METHOD" missed="0" covered="1"/></method><method name="checkReaches" desc="()V" line="645"><counter type="INSTRUCTION" missed="26" covered="105"/><counter type="BRANCH" missed="2" covered="20"/><counter type="LINE" missed="6" covered="21"/><counter type="COMPLEXITY" missed="2" covered="10"/><counter type="METHOD" missed="0" covered="1"/></method><method name="checkToStep" desc="(Lorg/mal_lang/lib/AST$Asset;Lorg/mal_lang/lib/AST$Expr;)Lorg/mal_lang/lib/AST$AttackStep;" line="687"><counter type="INSTRUCTION" missed="0" covered="75"/><counter type="BRANCH" missed="0" covered="8"/><counter type="LINE" missed="0" covered="17"/><counter type="COMPLEXITY" missed="0" covered="5"/><counter type="METHOD" missed="0" covered="1"/></method><method name="checkToAsset" desc="(Lorg/mal_lang/lib/AST$Asset;Lorg/mal_lang/lib/AST$Expr;)Lorg/mal_lang/lib/AST$Asset;" line="715"><counter type="INSTRUCTION" missed="16" covered="60"/><counter type="BRANCH" missed="1" covered="15"/><counter type="LINE" missed="3" covered="12"/><counter type="COMPLEXITY" missed="1" covered="8"/><counter type="METHOD" missed="0" covered="1"/></method><method name="checkStepExpr" desc="(Lorg/mal_lang/lib/AST$Asset;Lorg/mal_lang/lib/AST$StepExpr;)Lorg/mal_lang/lib/AST$Asset;" line="737"><counter type="INSTRUCTION" missed="2" covered="16"/><counter type="BRANCH" missed="1" covered="1"/><counter type="LINE" missed="1" covered="4"/><counter type="COMPLEXITY" missed="1" covered="1"/><counter type="METHOD" missed="0" covered="1"/></method><method name="evalVariableBegin" desc="(Lorg/mal_lang/lib/AST$Variable;)Z" line="754"><counter type="INSTRUCTION" missed="60" covered="10"/><counter type="BRANCH" missed="3" covered="1"/><counter type="LINE" missed="10" covered="3"/><counter type="COMPLEXITY" missed="2" covered="1"/><counter type="METHOD" missed="0" covered="1"/></method><method name="evalVariableEnd" desc="(Lorg/mal_lang/lib/AST$Variable;)V" line="773"><counter type="INSTRUCTION" missed="0" covered="6"/><counter type="LINE" missed="0" covered="2"/><counter type="COMPLEXITY" missed="0" covered="1"/><counter type="METHOD" missed="0" covered="1"/></method><method name="variableToAsset" desc="(Lorg/mal_lang/lib/AST$Asset;Lorg/mal_lang/lib/AST$Variable;)Lorg/mal_lang/lib/AST$Asset;" line="777"><counter type="INSTRUCTION" missed="2" covered="15"/><counter type="BRANCH" missed="1" covered="1"/><counter type="LINE" missed="1" covered="4"/><counter type="COMPLEXITY" missed="1" covered="1"/><counter type="METHOD" missed="0" covered="1"/></method><method name="checkCallExpr" desc="(Lorg/mal_lang/lib/AST$Asset;Lorg/mal_lang/lib/AST$CallExpr;)Lorg/mal_lang/lib/AST$Asset;" line="788"><counter type="INSTRUCTION" missed="15" covered="30"/><counter type="BRANCH" missed="2" covered="2"/><counter type="LINE" missed="2" covered="6"/><counter type="COMPLEXITY" missed="2" covered="1"/><counter type="METHOD" missed="0" covered="1"/></method><method name="checkIDExpr" desc="(Lorg/mal_lang/lib/AST$Asset;Lorg/mal_lang/lib/AST$IDExpr;)Lorg/mal_lang/lib/AST$Asset;" line="801"><counter type="INSTRUCTION" missed="0" covered="6"/><counter type="LINE" missed="0" covered="1"/><counter type="COMPLEXITY" missed="0" covered="1"/><counter type="METHOD" missed="0" covered="1"/></method><method name="checkSetExpr" desc="(Lorg/mal_lang/lib/AST$Asset;Lorg/mal_lang/lib/AST$BinaryExpr;)Lorg/mal_lang/lib/AST$Asset;" line="805"><counter type="INSTRUCTION" missed="2" covered="46"/><counter type="BRANCH" missed="2" covered="4"/><counter type="LINE" missed="1" covered="9"/><counter type="COMPLEXITY" missed="2" covered="2"/><counter type="METHOD" missed="0" covered="1"/></method><method name="checkTransitiveExpr" desc="(Lorg/mal_lang/lib/AST$Asset;Lorg/mal_lang/lib/AST$TransitiveExpr;)Lorg/mal_lang/lib/AST$Asset;" line="824"><counter type="INSTRUCTION" missed="2" covered="36"/><counter type="BRANCH" missed="1" covered="3"/><counter type="LINE" missed="1" covered="7"/><counter type="COMPLEXITY" missed="1" covered="2"/><counter type="METHOD" missed="0" covered="1"/></method><method name="checkSubTypeExpr" desc="(Lorg/mal_lang/lib/AST$Asset;Lorg/mal_lang/lib/AST$SubTypeExpr;)Lorg/mal_lang/lib/AST$Asset;" line="839"><counter type="INSTRUCTION" missed="4" covered="43"/><counter type="BRANCH" missed="2" covered="4"/><counter type="LINE" missed="2" covered="8"/><counter type="COMPLEXITY" missed="2" covered="2"/><counter type="METHOD" missed="0" covered="1"/></method><method name="getAsset" desc="(Lorg/mal_lang/lib/AST$ID;)Lorg/mal_lang/lib/AST$Asset;" line="856"><counter type="INSTRUCTION" missed="14" covered="13"/><counter type="BRANCH" missed="1" covered="1"/><counter type="LINE" missed="2" covered="2"/><counter type="COMPLEXITY" missed="1" covered="1"/><counter type="METHOD" missed="0" covered="1"/></method><method name="hasStep" desc="(Lorg/mal_lang/lib/AST$Asset;Ljava/lang/String;)Lorg/mal_lang/lib/AST$ID;" line="865"><counter type="INSTRUCTION" missed="3" covered="17"/><counter type="BRANCH" missed="1" covered="1"/><counter type="LINE" missed="1" covered="4"/><counter type="COMPLEXITY" missed="1" covered="1"/><counter type="METHOD" missed="0" covered="1"/></method><method name="getTarget" desc="(Lorg/mal_lang/lib/AST$Asset;Lorg/mal_lang/lib/AST$ID;)Lorg/mal_lang/lib/AST$Asset;" line="875"><counter type="INSTRUCTION" missed="0" covered="92"/><counter type="BRANCH" missed="0" covered="6"/><counter type="LINE" missed="0" covered="16"/><counter type="COMPLEXITY" missed="0" covered="4"/><counter type="METHOD" missed="0" covered="1"/></method><method name="isChild" desc="(Lorg/mal_lang/lib/AST$Asset;Lorg/mal_lang/lib/AST$Asset;)Z" line="900"><counter type="INSTRUCTION" missed="0" covered="28"/><counter type="BRANCH" missed="0" covered="4"/><counter type="LINE" missed="0" covered="6"/><counter type="COMPLEXITY" missed="0" covered="3"/><counter type="METHOD" missed="0" covered="1"/></method><method name="getLCA" desc="(Lorg/mal_lang/lib/AST$Asset;Lorg/mal_lang/lib/AST$Asset;)Lorg/mal_lang/lib/AST$Asset;" line="911"><counter type="INSTRUCTION" missed="25" covered="22"/><counter type="BRANCH" missed="3" covered="5"/><counter type="LINE" missed="4" covered="5"/><counter type="COMPLEXITY" missed="3" covered="2"/><counter type="METHOD" missed="0" covered="1"/></method><method name="exception" desc="()Lorg/mal_lang/lib/CompilerException;" line="925"><counter type="INSTRUCTION" missed="0" covered="5"/><counter type="LINE" missed="0" covered="1"/><counter type="COMPLEXITY" missed="0" covered="1"/><counter type="METHOD" missed="0" covered="1"/></method><method name="error" desc="(Ljava/lang/String;)V" line="929"><counter type="INSTRUCTION" missed="0" covered="8"/><counter type="LINE" missed="0" covered="3"/><counter type="COMPLEXITY" missed="0" covered="1"/><counter type="METHOD" missed="0" covered="1"/></method><method name="error" desc="(Lorg/mal_lang/lib/Position;Ljava/lang/String;)V" line="934"><counter type="INSTRUCTION" missed="0" covered="9"/><counter type="LINE" missed="0" covered="3"/><counter type="COMPLEXITY" missed="0" covered="1"/><counter type="METHOD" missed="0" covered="1"/></method><counter type="INSTRUCTION" missed="229" covered="2431"/><counter type="BRANCH" missed="30" covered="268"/><counter type="LINE" missed="45" covered="489"/><counter type="COMPLEXITY" missed="29" covered="172"/><counter type="METHOD" missed="0" covered="52"/><counter type="CLASS" missed="0" covered="1"/></class><class name="org/mal_lang/lib/AST$Meta" sourcefilename="AST.java"><method name="&lt;init&gt;" desc="(Lorg/mal_lang/lib/Position;Lorg/mal_lang/lib/AST$ID;Ljava/lang/String;)V" line="123"><counter type="INSTRUCTION" missed="0" covered="10"/><counter type="LINE" missed="0" covered="4"/><counter type="COMPLEXITY" missed="0" covered="1"/><counter type="METHOD" missed="0" covered="1"/></method><method name="toString" desc="()Ljava/lang/String;" line="130"><counter type="INSTRUCTION" missed="0" covered="21"/><counter type="LINE" missed="0" covered="1"/><counter type="COMPLEXITY" missed="0" covered="1"/><counter type="METHOD" missed="0" covered="1"/></method><method name="listToString" desc="(Ljava/util/List;I)Ljava/lang/String;" line="134"><counter type="INSTRUCTION" missed="0" covered="77"/><counter type="BRANCH" missed="0" covered="4"/><counter type="LINE" missed="0" covered="10"/><counter type="COMPLEXITY" missed="0" covered="3"/><counter type="METHOD" missed="0" covered="1"/></method><counter type="INSTRUCTION" missed="0" covered="108"/><counter type="BRANCH" missed="0" covered="4"/><counter type="LINE" missed="0" covered="15"/><counter type="COMPLEXITY" missed="0" covered="5"/><counter type="METHOD" missed="0" covered="3"/><counter type="CLASS" missed="0" covered="1"/></class><class name="org/mal_lang/lib/Distributions$HardAndUncertain" sourcefilename="Distributions.java"><method name="&lt;init&gt;" desc="()V" line="463"><counter type="INSTRUCTION" missed="3" covered="0"/><counter type="LINE" missed="1" covered="0"/><counter type="COMPLEXITY" missed="1" covered="0"/><counter type="METHOD" missed="1" covered="0"/></method><method name="getMean" desc="()D" line="469"><counter type="INSTRUCTION" missed="6" covered="0"/><counter type="LINE" missed="1" covered="0"/><counter type="COMPLEXITY" missed="1" covered="0"/><counter type="METHOD" missed="1" covered="0"/></method><method name="toString" desc="()Ljava/lang/String;" line="474"><counter type="INSTRUCTION" missed="2" covered="0"/><counter type="LINE" missed="1" covered="0"/><counter type="COMPLEXITY" missed="1" covered="0"/><counter type="METHOD" missed="1" covered="0"/></method><method name="&lt;clinit&gt;" desc="()V" line="464"><counter type="INSTRUCTION" missed="11" covered="0"/><counter type="LINE" missed="2" covered="0"/><counter type="COMPLEXITY" missed="1" covered="0"/><counter type="METHOD" missed="1" covered="0"/></method><counter type="INSTRUCTION" missed="22" covered="0"/><counter type="LINE" missed="5" covered="0"/><counter type="COMPLEXITY" missed="4" covered="0"/><counter type="METHOD" missed="4" covered="0"/><counter type="CLASS" missed="1" covered="0"/></class><class name="org/mal_lang/lib/AST$TTCNumExpr" sourcefilename="AST.java"><method name="&lt;init&gt;" desc="(Lorg/mal_lang/lib/Position;D)V" line="457"><counter type="INSTRUCTION" missed="0" covered="7"/><counter type="LINE" missed="0" covered="3"/><counter type="COMPLEXITY" missed="0" covered="1"/><counter type="METHOD" missed="0" covered="1"/></method><method name="toString" desc="()Ljava/lang/String;" line="463"><counter type="INSTRUCTION" missed="16" covered="0"/><counter type="LINE" missed="1" covered="0"/><counter type="COMPLEXITY" missed="1" covered="0"/><counter type="METHOD" missed="1" covered="0"/></method><counter type="INSTRUCTION" missed="16" covered="7"/><counter type="LINE" missed="1" covered="3"/><counter type="COMPLEXITY" missed="1" covered="1"/><counter type="METHOD" missed="1" covered="1"/><counter type="CLASS" missed="0" covered="1"/></class><class name="org/mal_lang/lib/Distributions$Combination" sourcefilename="Distributions.java"><method name="validate" desc="(Ljava/util/List;)V" line="414"><counter type="INSTRUCTION" missed="0" covered="14"/><counter type="BRANCH" missed="1" covered="3"/><counter type="LINE" missed="0" covered="4"/><counter type="COMPLEXITY" missed="1" covered="2"/><counter type="METHOD" missed="0" covered="1"/></method><counter type="INSTRUCTION" missed="0" covered="14"/><counter type="BRANCH" missed="1" covered="3"/><counter type="LINE" missed="0" covered="4"/><counter type="COMPLEXITY" missed="1" covered="2"/><counter type="METHOD" missed="0" covered="1"/><counter type="CLASS" missed="0" covered="1"/></class><class name="org/mal_lang/lib/AST$Asset" sourcefilename="AST.java"><method name="&lt;init&gt;" desc="(Lorg/mal_lang/lib/Position;ZLorg/mal_lang/lib/AST$ID;Ljava/util/Optional;Ljava/util/List;Ljava/util/List;Ljava/util/List;)V" line="203"><counter type="INSTRUCTION" missed="0" covered="22"/><counter type="LINE" missed="0" covered="8"/><counter type="COMPLEXITY" missed="0" covered="1"/><counter type="METHOD" missed="0" covered="1"/></method><method name="toString" desc="(I)Ljava/lang/String;" line="213"><counter type="INSTRUCTION" missed="0" covered="122"/><counter type="BRANCH" missed="0" covered="4"/><counter type="LINE" missed="0" covered="15"/><counter type="COMPLEXITY" missed="0" covered="3"/><counter type="METHOD" missed="0" covered="1"/></method><method name="listToString" desc="(Ljava/util/List;I)Ljava/lang/String;" line="233"><counter type="INSTRUCTION" missed="0" covered="76"/><counter type="BRANCH" missed="0" covered="4"/><counter type="LINE" missed="0" covered="10"/><counter type="COMPLEXITY" missed="0" covered="3"/><counter type="METHOD" missed="0" covered="1"/></method><counter type="INSTRUCTION" missed="0" covered="220"/><counter type="BRANCH" missed="0" covered="8"/><counter type="LINE" missed="0" covered="33"/><counter type="COMPLEXITY" missed="0" covered="7"/><counter type="METHOD" missed="0" covered="3"/><counter type="CLASS" missed="0" covered="1"/></class><class name="org/mal_lang/lib/AST$SubTypeExpr" sourcefilename="AST.java"><method name="&lt;init&gt;" desc="(Lorg/mal_lang/lib/Position;Lorg/mal_lang/lib/AST$Expr;Lorg/mal_lang/lib/AST$ID;)V" line="640"><counter type="INSTRUCTION" missed="0" covered="8"/><counter type="LINE" missed="0" covered="3"/><counter type="COMPLEXITY" missed="0" covered="1"/><counter type="METHOD" missed="0" covered="1"/></method><method name="toString" desc="()Ljava/lang/String;" line="646"><counter type="INSTRUCTION" missed="0" covered="22"/><counter type="LINE" missed="0" covered="2"/><counter type="COMPLEXITY" missed="0" covered="1"/><counter type="METHOD" missed="0" covered="1"/></method><counter type="INSTRUCTION" missed="0" covered="30"/><counter type="LINE" missed="0" covered="5"/><counter type="COMPLEXITY" missed="0" covered="2"/><counter type="METHOD" missed="0" covered="2"/><counter type="CLASS" missed="0" covered="1"/></class><class name="org/mal_lang/lib/AST$TTCDivExpr" sourcefilename="AST.java"><method name="&lt;init&gt;" desc="(Lorg/mal_lang/lib/Position;Lorg/mal_lang/lib/AST$TTCExpr;Lorg/mal_lang/lib/AST$TTCExpr;)V" line="411"><counter type="INSTRUCTION" missed="0" covered="6"/><counter type="LINE" missed="0" covered="2"/><counter type="COMPLEXITY" missed="0" covered="1"/><counter type="METHOD" missed="0" covered="1"/></method><method name="toString" desc="()Ljava/lang/String;" line="416"><counter type="INSTRUCTION" missed="0" covered="22"/><counter type="LINE" missed="0" covered="1"/><counter type="COMPLEXITY" missed="0" covered="1"/><counter type="METHOD" missed="0" covered="1"/></method><counter type="INSTRUCTION" missed="0" covered="28"/><counter type="LINE" missed="0" covered="3"/><counter type="COMPLEXITY" missed="0" covered="2"/><counter type="METHOD" missed="0" covered="2"/><counter type="CLASS" missed="0" covered="1"/></class><class name="org/mal_lang/lib/Lexer" sourcefilename="Lexer.java"><method name="&lt;init&gt;" desc="(Ljava/io/File;)V" line="74"><counter type="INSTRUCTION" missed="0" covered="8"/><counter type="LINE" missed="0" covered="2"/><counter type="COMPLEXITY" missed="0" covered="1"/><counter type="METHOD" missed="0" covered="1"/></method><method name="&lt;init&gt;" desc="(Ljava/io/File;ZZ)V" line="78"><counter type="INSTRUCTION" missed="8" covered="0"/><counter type="LINE" missed="2" covered="0"/><counter type="COMPLEXITY" missed="1" covered="0"/><counter type="METHOD" missed="1" covered="0"/></method><method name="&lt;init&gt;" desc="(Ljava/io/File;Ljava/lang/String;)V" line="82"><counter type="INSTRUCTION" missed="0" covered="7"/><counter type="LINE" missed="0" covered="2"/><counter type="COMPLEXITY" missed="0" covered="1"/><counter type="METHOD" missed="0" covered="1"/></method><method name="&lt;init&gt;" desc="(Ljava/io/File;Ljava/lang/String;ZZ)V" line="39"><counter type="INSTRUCTION" missed="0" covered="77"/><counter type="BRANCH" missed="0" covered="4"/><counter type="LINE" missed="0" covered="18"/><counter type="COMPLEXITY" missed="0" covered="3"/><counter type="METHOD" missed="0" covered="1"/></method><method name="syntacticallyEqual" desc="(Lorg/mal_lang/lib/Lexer;Lorg/mal_lang/lib/Lexer;)Z" line="107"><counter type="INSTRUCTION" missed="60" covered="0"/><counter type="BRANCH" missed="16" covered="0"/><counter type="LINE" missed="11" covered="0"/><counter type="COMPLEXITY" missed="9" covered="0"/><counter type="METHOD" missed="1" covered="0"/></method><method name="getLexemeString" desc="()Ljava/lang/String;" line="126"><counter type="INSTRUCTION" missed="0" covered="29"/><counter type="BRANCH" missed="0" covered="2"/><counter type="LINE" missed="0" covered="4"/><counter type="COMPLEXITY" missed="0" covered="2"/><counter type="METHOD" missed="0" covered="1"/></method><method name="next" desc="()Lorg/mal_lang/lib/Token;" line="134"><counter type="INSTRUCTION" missed="40" covered="498"/><counter type="BRANCH" missed="10" covered="87"/><counter type="LINE" missed="5" covered="109"/><counter type="COMPLEXITY" missed="10" covered="51"/><counter type="METHOD" missed="0" covered="1"/></method><method name="consume" desc="(I)V" line="319"><counter type="INSTRUCTION" missed="0" covered="11"/><counter type="BRANCH" missed="0" covered="2"/><counter type="LINE" missed="0" covered="3"/><counter type="COMPLEXITY" missed="0" covered="2"/><counter type="METHOD" missed="0" covered="1"/></method><method name="consume" desc="()B" line="325"><counter type="INSTRUCTION" missed="5" covered="54"/><counter type="BRANCH" missed="1" covered="5"/><counter type="LINE" missed="1" covered="10"/><counter type="COMPLEXITY" missed="1" covered="3"/><counter type="METHOD" missed="0" covered="1"/></method><method name="peek" desc="(Ljava/lang/String;)Z" line="343"><counter type="INSTRUCTION" missed="0" covered="37"/><counter type="BRANCH" missed="0" covered="6"/><counter type="LINE" missed="0" covered="7"/><counter type="COMPLEXITY" missed="0" covered="4"/><counter type="METHOD" missed="0" covered="1"/></method><method name="peek" desc="(C)Z" line="356"><counter type="INSTRUCTION" missed="0" covered="5"/><counter type="LINE" missed="0" covered="1"/><counter type="COMPLEXITY" missed="0" covered="1"/><counter type="METHOD" missed="0" covered="1"/></method><method name="peek" desc="(B)Z" line="360"><counter type="INSTRUCTION" missed="2" covered="14"/><counter type="BRANCH" missed="1" covered="3"/><counter type="LINE" missed="1" covered="2"/><counter type="COMPLEXITY" missed="1" covered="2"/><counter type="METHOD" missed="0" covered="1"/></method><method name="createComment" desc="(Lorg/mal_lang/lib/TokenType;)V" line="368"><counter type="INSTRUCTION" missed="0" covered="36"/><counter type="BRANCH" missed="0" covered="2"/><counter type="LINE" missed="0" covered="6"/><counter type="COMPLEXITY" missed="0" covered="2"/><counter type="METHOD" missed="0" covered="1"/></method><method name="createRawToken" desc="(Lorg/mal_lang/lib/TokenType;)Lorg/mal_lang/lib/Token;" line="377"><counter type="INSTRUCTION" missed="0" covered="78"/><counter type="BRANCH" missed="0" covered="5"/><counter type="LINE" missed="0" covered="9"/><counter type="COMPLEXITY" missed="0" covered="5"/><counter type="METHOD" missed="0" covered="1"/></method><method name="readTrailingComments" desc="()V" line="403"><counter type="INSTRUCTION" missed="48" covered="85"/><counter type="BRANCH" missed="9" covered="16"/><counter type="LINE" missed="12" covered="23"/><counter type="COMPLEXITY" missed="7" covered="7"/><counter type="METHOD" missed="0" covered="1"/></method><method name="createToken" desc="(Lorg/mal_lang/lib/TokenType;)Lorg/mal_lang/lib/Token;" line="455"><counter type="INSTRUCTION" missed="0" covered="27"/><counter type="LINE" missed="0" covered="7"/><counter type="COMPLEXITY" missed="0" covered="1"/><counter type="METHOD" missed="0" covered="1"/></method><method name="exception" desc="(Ljava/lang/String;)Lorg/mal_lang/lib/CompilerException;" line="465"><counter type="INSTRUCTION" missed="0" covered="39"/><counter type="BRANCH" missed="0" covered="2"/><counter type="LINE" missed="0" covered="7"/><counter type="COMPLEXITY" missed="0" covered="2"/><counter type="METHOD" missed="0" covered="1"/></method><method name="isDigit" desc="()Z" line="477"><counter type="INSTRUCTION" missed="2" covered="11"/><counter type="BRANCH" missed="1" covered="1"/><counter type="LINE" missed="1" covered="2"/><counter type="COMPLEXITY" missed="1" covered="1"/><counter type="METHOD" missed="0" covered="1"/></method><method name="isDigit" desc="(B)Z" line="484"><counter type="INSTRUCTION" missed="0" covered="10"/><counter type="BRANCH" missed="0" covered="4"/><counter type="LINE" missed="0" covered="1"/><counter type="COMPLEXITY" missed="0" covered="3"/><counter type="METHOD" missed="0" covered="1"/></method><method name="isAlpha" desc="(B)Z" line="488"><counter type="INSTRUCTION" missed="0" covered="19"/><counter type="BRANCH" missed="0" covered="10"/><counter type="LINE" missed="0" covered="1"/><counter type="COMPLEXITY" missed="0" covered="6"/><counter type="METHOD" missed="0" covered="1"/></method><method name="isAlphaNumeric" desc="()Z" line="492"><counter type="INSTRUCTION" missed="2" covered="11"/><counter type="BRANCH" missed="1" covered="1"/><counter type="LINE" missed="1" covered="2"/><counter type="COMPLEXITY" missed="1" covered="1"/><counter type="METHOD" missed="0" covered="1"/></method><method name="isAlphaNumeric" desc="(B)Z" line="499"><counter type="INSTRUCTION" missed="0" covered="12"/><counter type="BRANCH" missed="0" covered="4"/><counter type="LINE" missed="0" covered="1"/><counter type="COMPLEXITY" missed="0" covered="3"/><counter type="METHOD" missed="0" covered="1"/></method><method name="&lt;clinit&gt;" desc="()V" line="45"><counter type="INSTRUCTION" missed="0" covered="111"/><counter type="LINE" missed="0" covered="22"/><counter type="COMPLEXITY" missed="0" covered="1"/><counter type="METHOD" missed="0" covered="1"/></method><counter type="INSTRUCTION" missed="167" covered="1179"/><counter type="BRANCH" missed="39" covered="154"/><counter type="LINE" missed="34" covered="239"/><counter type="COMPLEXITY" missed="31" covered="102"/><counter type="METHOD" missed="2" covered="21"/><counter type="CLASS" missed="0" covered="1"/></class><class name="org/mal_lang/lib/MalLogger$LogMessagePosition" sourcefilename="MalLogger.java"><method name="&lt;init&gt;" desc="(Lorg/mal_lang/lib/MalLogger;Ljava/util/logging/Level;Ljava/lang/String;Lorg/mal_lang/lib/Position;)V" line="107"><counter type="INSTRUCTION" missed="0" covered="12"/><counter type="LINE" missed="0" covered="4"/><counter type="COMPLEXITY" missed="0" covered="1"/><counter type="METHOD" missed="0" covered="1"/></method><method name="compareTo" desc="(Lorg/mal_lang/lib/MalLogger$LogMessage;)I" line="114"><counter type="INSTRUCTION" missed="2" covered="34"/><counter type="BRANCH" missed="1" covered="5"/><counter type="LINE" missed="1" covered="9"/><counter type="COMPLEXITY" missed="1" covered="3"/><counter type="METHOD" missed="0" covered="1"/></method><method name="toString" desc="()Ljava/lang/String;" line="131"><counter type="INSTRUCTION" missed="0" covered="16"/><counter type="LINE" missed="0" covered="1"/><counter type="COMPLEXITY" missed="0" covered="1"/><counter type="METHOD" missed="0" covered="1"/></method><counter type="INSTRUCTION" missed="2" covered="62"/><counter type="BRANCH" missed="1" covered="5"/><counter type="LINE" missed="1" covered="14"/><counter type="COMPLEXITY" missed="1" covered="5"/><counter type="METHOD" missed="0" covered="3"/><counter type="CLASS" missed="0" covered="1"/></class><class name="org/mal_lang/lib/AST$TTCAddExpr" sourcefilename="AST.java"><method name="&lt;init&gt;" desc="(Lorg/mal_lang/lib/Position;Lorg/mal_lang/lib/AST$TTCExpr;Lorg/mal_lang/lib/AST$TTCExpr;)V" line="378"><counter type="INSTRUCTION" missed="0" covered="6"/><counter type="LINE" missed="0" covered="2"/><counter type="COMPLEXITY" missed="0" covered="1"/><counter type="METHOD" missed="0" covered="1"/></method><method name="toString" desc="()Ljava/lang/String;" line="383"><counter type="INSTRUCTION" missed="0" covered="22"/><counter type="LINE" missed="0" covered="1"/><counter type="COMPLEXITY" missed="0" covered="1"/><counter type="METHOD" missed="0" covered="1"/></method><counter type="INSTRUCTION" missed="0" covered="28"/><counter type="LINE" missed="0" covered="3"/><counter type="COMPLEXITY" missed="0" covered="2"/><counter type="METHOD" missed="0" covered="2"/><counter type="CLASS" missed="0" covered="1"/></class><class name="org/mal_lang/lib/AST$Association" sourcefilename="AST.java"><method name="&lt;init&gt;" desc="(Lorg/mal_lang/lib/Position;Lorg/mal_lang/lib/AST$ID;Lorg/mal_lang/lib/AST$ID;Lorg/mal_lang/lib/AST$Multiplicity;Lorg/mal_lang/lib/AST$ID;Lorg/mal_lang/lib/AST$Multiplicity;Lorg/mal_lang/lib/AST$ID;Lorg/mal_lang/lib/AST$ID;Ljava/util/List;)V" line="699"><counter type="INSTRUCTION" missed="0" covered="28"/><counter type="LINE" missed="0" covered="10"/><counter type="COMPLEXITY" missed="0" covered="1"/><counter type="METHOD" missed="0" covered="1"/></method><method name="toString" desc="(I)Ljava/lang/String;" line="711"><counter type="INSTRUCTION" missed="0" covered="96"/><counter type="LINE" missed="0" covered="15"/><counter type="COMPLEXITY" missed="0" covered="1"/><counter type="METHOD" missed="0" covered="1"/></method><method name="toShortString" desc="()Ljava/lang/String;" line="731"><counter type="INSTRUCTION" missed="0" covered="35"/><counter type="LINE" missed="0" covered="1"/><counter type="COMPLEXITY" missed="0" covered="1"/><counter type="METHOD" missed="0" covered="1"/></method><method name="listToString" desc="(Ljava/util/List;I)Ljava/lang/String;" line="737"><counter type="INSTRUCTION" missed="0" covered="76"/><counter type="BRANCH" missed="0" covered="4"/><counter type="LINE" missed="0" covered="10"/><counter type="COMPLEXITY" missed="0" covered="3"/><counter type="METHOD" missed="0" covered="1"/></method><counter type="INSTRUCTION" missed="0" covered="235"/><counter type="BRANCH" missed="0" covered="4"/><counter type="LINE" missed="0" covered="36"/><counter type="COMPLEXITY" missed="0" covered="6"/><counter type="METHOD" missed="0" covered="4"/><counter type="CLASS" missed="0" covered="1"/></class><class name="org/mal_lang/lib/Distributions$EasyAndUncertain" sourcefilename="Distributions.java"><method name="&lt;init&gt;" desc="()V" line="435"><counter type="INSTRUCTION" missed="3" covered="0"/><counter type="LINE" missed="1" covered="0"/><counter type="COMPLEXITY" missed="1" covered="0"/><counter type="METHOD" missed="1" covered="0"/></method><method name="getMean" desc="()D" line="440"><counter type="INSTRUCTION" missed="3" covered="0"/><counter type="LINE" missed="1" covered="0"/><counter type="COMPLEXITY" missed="1" covered="0"/><counter type="METHOD" missed="1" covered="0"/></method><method name="toString" desc="()Ljava/lang/String;" line="445"><counter type="INSTRUCTION" missed="2" covered="0"/><counter type="LINE" missed="1" covered="0"/><counter type="COMPLEXITY" missed="1" covered="0"/><counter type="METHOD" missed="1" covered="0"/></method><method name="&lt;clinit&gt;" desc="()V" line="436"><counter type="INSTRUCTION" missed="6" covered="0"/><counter type="LINE" missed="1" covered="0"/><counter type="COMPLEXITY" missed="1" covered="0"/><counter type="METHOD" missed="1" covered="0"/></method><counter type="INSTRUCTION" missed="14" covered="0"/><counter type="LINE" missed="4" covered="0"/><counter type="COMPLEXITY" missed="4" covered="0"/><counter type="METHOD" missed="4" covered="0"/><counter type="CLASS" missed="1" covered="0"/></class><class name="org/mal_lang/lib/AST$UnaryExpr" sourcefilename="AST.java"><method name="&lt;init&gt;" desc="(Lorg/mal_lang/lib/Position;Lorg/mal_lang/lib/AST$Expr;)V" line="620"><counter type="INSTRUCTION" missed="0" covered="7"/><counter type="LINE" missed="0" covered="3"/><counter type="COMPLEXITY" missed="0" covered="1"/><counter type="METHOD" missed="0" covered="1"/></method><counter type="INSTRUCTION" missed="0" covered="7"/><counter type="LINE" missed="0" covered="3"/><counter type="COMPLEXITY" missed="0" covered="1"/><counter type="METHOD" missed="0" covered="1"/><counter type="CLASS" missed="0" covered="1"/></class><class name="org/mal_lang/lib/AST$TTCSubExpr" sourcefilename="AST.java"><method name="&lt;init&gt;" desc="(Lorg/mal_lang/lib/Position;Lorg/mal_lang/lib/AST$TTCExpr;Lorg/mal_lang/lib/AST$TTCExpr;)V" line="389"><counter type="INSTRUCTION" missed="0" covered="6"/><counter type="LINE" missed="0" covered="2"/><counter type="COMPLEXITY" missed="0" covered="1"/><counter type="METHOD" missed="0" covered="1"/></method><method name="toString" desc="()Ljava/lang/String;" line="394"><counter type="INSTRUCTION" missed="0" covered="22"/><counter type="LINE" missed="0" covered="1"/><counter type="COMPLEXITY" missed="0" covered="1"/><counter type="METHOD" missed="0" covered="1"/></method><counter type="INSTRUCTION" missed="0" covered="28"/><counter type="LINE" missed="0" covered="3"/><counter type="COMPLEXITY" missed="0" covered="2"/><counter type="METHOD" missed="0" covered="2"/><counter type="CLASS" missed="0" covered="1"/></class><class name="org/mal_lang/lib/AST$IntersectionExpr" sourcefilename="AST.java"><method name="&lt;init&gt;" desc="(Lorg/mal_lang/lib/Position;Lorg/mal_lang/lib/AST$Expr;Lorg/mal_lang/lib/AST$Expr;)V" line="595"><counter type="INSTRUCTION" missed="0" covered="6"/><counter type="LINE" missed="0" covered="2"/><counter type="COMPLEXITY" missed="0" covered="1"/><counter type="METHOD" missed="0" covered="1"/></method><method name="toString" desc="()Ljava/lang/String;" line="600"><counter type="INSTRUCTION" missed="22" covered="0"/><counter type="LINE" missed="2" covered="0"/><counter type="COMPLEXITY" missed="1" covered="0"/><counter type="METHOD" missed="1" covered="0"/></method><counter type="INSTRUCTION" missed="22" covered="6"/><counter type="LINE" missed="2" covered="2"/><counter type="COMPLEXITY" missed="1" covered="1"/><counter type="METHOD" missed="1" covered="1"/><counter type="CLASS" missed="0" covered="1"/></class><class name="org/mal_lang/lib/AST$TransitiveExpr" sourcefilename="AST.java"><method name="&lt;init&gt;" desc="(Lorg/mal_lang/lib/Position;Lorg/mal_lang/lib/AST$Expr;)V" line="627"><counter type="INSTRUCTION" missed="0" covered="5"/><counter type="LINE" missed="0" covered="2"/><counter type="COMPLEXITY" missed="0" covered="1"/><counter type="METHOD" missed="0" covered="1"/></method><method name="toString" desc="()Ljava/lang/String;" line="632"><counter type="INSTRUCTION" missed="0" covered="16"/><counter type="LINE" missed="0" covered="1"/><counter type="COMPLEXITY" missed="0" covered="1"/><counter type="METHOD" missed="0" covered="1"/></method><counter type="INSTRUCTION" missed="0" covered="21"/><counter type="LINE" missed="0" covered="3"/><counter type="COMPLEXITY" missed="0" covered="2"/><counter type="METHOD" missed="0" covered="2"/><counter type="CLASS" missed="0" covered="1"/></class><class name="org/mal_lang/lib/Distributions$Zero" sourcefilename="Distributions.java"><method name="&lt;init&gt;" desc="()V" line="521"><counter type="INSTRUCTION" missed="3" covered="0"/><counter type="LINE" missed="1" covered="0"/><counter type="COMPLEXITY" missed="1" covered="0"/><counter type="METHOD" missed="1" covered="0"/></method><method name="getMean" desc="()D" line="524"><counter type="INSTRUCTION" missed="2" covered="0"/><counter type="LINE" missed="1" covered="0"/><counter type="COMPLEXITY" missed="1" covered="0"/><counter type="METHOD" missed="1" covered="0"/></method><method name="toString" desc="()Ljava/lang/String;" line="529"><counter type="INSTRUCTION" missed="2" covered="0"/><counter type="LINE" missed="1" covered="0"/><counter type="COMPLEXITY" missed="1" covered="0"/><counter type="METHOD" missed="1" covered="0"/></method><counter type="INSTRUCTION" missed="7" covered="0"/><counter type="LINE" missed="3" covered="0"/><counter type="COMPLEXITY" missed="3" covered="0"/><counter type="METHOD" missed="3" covered="0"/><counter type="CLASS" missed="1" covered="0"/></class><class name="org/mal_lang/lib/AST$Requires" sourcefilename="AST.java"><method name="&lt;init&gt;" desc="(Lorg/mal_lang/lib/Position;Ljava/util/List;)V" line="471"><counter type="INSTRUCTION" missed="0" covered="7"/><counter type="LINE" missed="0" covered="3"/><counter type="COMPLEXITY" missed="0" covered="1"/><counter type="METHOD" missed="0" covered="1"/></method><method name="toString" desc="(I)Ljava/lang/String;" line="476"><counter type="INSTRUCTION" missed="0" covered="55"/><counter type="LINE" missed="0" covered="6"/><counter type="COMPLEXITY" missed="0" covered="1"/><counter type="METHOD" missed="0" covered="1"/></method><counter type="INSTRUCTION" missed="0" covered="62"/><counter type="LINE" missed="0" covered="9"/><counter type="COMPLEXITY" missed="0" covered="2"/><counter type="METHOD" missed="0" covered="2"/><counter type="CLASS" missed="0" covered="1"/></class><class name="org/mal_lang/lib/Scope" sourcefilename="Scope.java"><method name="&lt;init&gt;" desc="()V" line="30"><counter type="INSTRUCTION" missed="0" covered="11"/><counter type="LINE" missed="0" covered="4"/><counter type="COMPLEXITY" missed="0" covered="1"/><counter type="METHOD" missed="0" covered="1"/></method><method name="&lt;init&gt;" desc="(Lorg/mal_lang/lib/Scope;)V" line="35"><counter type="INSTRUCTION" missed="0" covered="11"/><counter type="LINE" missed="0" covered="4"/><counter type="COMPLEXITY" missed="0" covered="1"/><counter type="METHOD" missed="0" covered="1"/></method><method name="lookup" desc="(Ljava/lang/String;)Ljava/lang/Object;" line="48"><counter type="INSTRUCTION" missed="0" covered="20"/><counter type="BRANCH" missed="0" covered="4"/><counter type="LINE" missed="0" covered="5"/><counter type="COMPLEXITY" missed="0" covered="3"/><counter type="METHOD" missed="0" covered="1"/></method><method name="lookdown" desc="(Ljava/lang/String;)Ljava/lang/Object;" line="65"><counter type="INSTRUCTION" missed="0" covered="17"/><counter type="BRANCH" missed="0" covered="4"/><counter type="LINE" missed="0" covered="5"/><counter type="COMPLEXITY" missed="0" covered="3"/><counter type="METHOD" missed="0" covered="1"/></method><method name="look" desc="(Ljava/lang/String;)Ljava/lang/Object;" line="81"><counter type="INSTRUCTION" missed="0" covered="5"/><counter type="LINE" missed="0" covered="1"/><counter type="COMPLEXITY" missed="0" covered="1"/><counter type="METHOD" missed="0" covered="1"/></method><method name="getScopeFor" desc="(Ljava/lang/String;)Lorg/mal_lang/lib/Scope;" line="85"><counter type="INSTRUCTION" missed="10" covered="7"/><counter type="BRANCH" missed="3" covered="1"/><counter type="LINE" missed="3" covered="2"/><counter type="COMPLEXITY" missed="2" covered="1"/><counter type="METHOD" missed="0" covered="1"/></method><method name="add" desc="(Ljava/lang/String;Ljava/lang/Object;)V" line="101"><counter type="INSTRUCTION" missed="0" covered="7"/><counter type="LINE" missed="0" covered="2"/><counter type="COMPLEXITY" missed="0" covered="1"/><counter type="METHOD" missed="0" covered="1"/></method><method name="getSymbols" desc="()Ljava/util/Map;" line="105"><counter type="INSTRUCTION" missed="0" covered="3"/><counter type="LINE" missed="0" covered="1"/><counter type="COMPLEXITY" missed="0" covered="1"/><counter type="METHOD" missed="0" covered="1"/></method><method name="toString" desc="()Ljava/lang/String;" line="110"><counter type="INSTRUCTION" missed="35" covered="0"/><counter type="BRANCH" missed="2" covered="0"/><counter type="LINE" missed="3" covered="0"/><counter type="COMPLEXITY" missed="2" covered="0"/><counter type="METHOD" missed="1" covered="0"/></method><counter type="INSTRUCTION" missed="45" covered="81"/><counter type="BRANCH" missed="5" covered="9"/><counter type="LINE" missed="6" covered="24"/><counter type="COMPLEXITY" missed="4" covered="12"/><counter type="METHOD" missed="1" covered="8"/><counter type="CLASS" missed="0" covered="1"/></class><class name="org/mal_lang/lib/Distributions$HardAndCertain" sourcefilename="Distributions.java"><method name="&lt;init&gt;" desc="()V" line="449"><counter type="INSTRUCTION" missed="3" covered="0"/><counter type="LINE" missed="1" covered="0"/><counter type="COMPLEXITY" missed="1" covered="0"/><counter type="METHOD" missed="1" covered="0"/></method><method name="getMean" desc="()D" line="454"><counter type="INSTRUCTION" missed="3" covered="0"/><counter type="LINE" missed="1" covered="0"/><counter type="COMPLEXITY" missed="1" covered="0"/><counter type="METHOD" missed="1" covered="0"/></method><method name="toString" desc="()Ljava/lang/String;" line="459"><counter type="INSTRUCTION" missed="2" covered="0"/><counter type="LINE" missed="1" covered="0"/><counter type="COMPLEXITY" missed="1" covered="0"/><counter type="METHOD" missed="1" covered="0"/></method><method name="&lt;clinit&gt;" desc="()V" line="450"><counter type="INSTRUCTION" missed="6" covered="0"/><counter type="LINE" missed="1" covered="0"/><counter type="COMPLEXITY" missed="1" covered="0"/><counter type="METHOD" missed="1" covered="0"/></method><counter type="INSTRUCTION" missed="14" covered="0"/><counter type="LINE" missed="4" covered="0"/><counter type="COMPLEXITY" missed="4" covered="0"/><counter type="METHOD" missed="4" covered="0"/><counter type="CLASS" missed="1" covered="0"/></class><class name="org/mal_lang/lib/Distributions$LogNormal" sourcefilename="Distributions.java"><method name="&lt;init&gt;" desc="(DD)V" line="260"><counter type="INSTRUCTION" missed="9" covered="0"/><counter type="LINE" missed="4" covered="0"/><counter type="COMPLEXITY" missed="1" covered="0"/><counter type="METHOD" missed="1" covered="0"/></method><method name="&lt;init&gt;" desc="(Ljava/util/List;)V" line="266"><counter type="INSTRUCTION" missed="13" covered="0"/><counter type="LINE" missed="2" covered="0"/><counter type="COMPLEXITY" missed="1" covered="0"/><counter type="METHOD" missed="1" covered="0"/></method><method name="validate" desc="(Ljava/util/List;)V" line="270"><counter type="INSTRUCTION" missed="0" covered="34"/><counter type="BRANCH" missed="1" covered="5"/><counter type="LINE" missed="0" covered="7"/><counter type="COMPLEXITY" missed="1" covered="3"/><counter type="METHOD" missed="0" covered="1"/></method><method name="getMean" desc="()D" line="284"><counter type="INSTRUCTION" missed="11" covered="0"/><counter type="LINE" missed="1" covered="0"/><counter type="COMPLEXITY" missed="1" covered="0"/><counter type="METHOD" missed="1" covered="0"/></method><method name="toString" desc="()Ljava/lang/String;" line="289"><counter type="INSTRUCTION" missed="17" covered="0"/><counter type="LINE" missed="1" covered="0"/><counter type="COMPLEXITY" missed="1" covered="0"/><counter type="METHOD" missed="1" covered="0"/></method><counter type="INSTRUCTION" missed="50" covered="34"/><counter type="BRANCH" missed="1" covered="5"/><counter type="LINE" missed="8" covered="7"/><counter type="COMPLEXITY" missed="5" covered="3"/><counter type="METHOD" missed="4" covered="1"/><counter type="CLASS" missed="0" covered="1"/></class><class name="org/mal_lang/lib/AST$IDExpr" sourcefilename="AST.java"><method name="&lt;init&gt;" desc="(Lorg/mal_lang/lib/Position;Lorg/mal_lang/lib/AST$ID;)V" line="655"><counter type="INSTRUCTION" missed="0" covered="7"/><counter type="LINE" missed="0" covered="3"/><counter type="COMPLEXITY" missed="0" covered="1"/><counter type="METHOD" missed="0" covered="1"/></method><method name="toString" desc="()Ljava/lang/String;" line="661"><counter type="INSTRUCTION" missed="0" covered="16"/><counter type="LINE" missed="0" covered="1"/><counter type="COMPLEXITY" missed="0" covered="1"/><counter type="METHOD" missed="0" covered="1"/></method><counter type="INSTRUCTION" missed="0" covered="23"/><counter type="LINE" missed="0" covered="4"/><counter type="COMPLEXITY" missed="0" covered="2"/><counter type="METHOD" missed="0" covered="2"/><counter type="CLASS" missed="0" covered="1"/></class><class name="org/mal_lang/lib/AST$DifferenceExpr" sourcefilename="AST.java"><method name="&lt;init&gt;" desc="(Lorg/mal_lang/lib/Position;Lorg/mal_lang/lib/AST$Expr;Lorg/mal_lang/lib/AST$Expr;)V" line="583"><counter type="INSTRUCTION" missed="0" covered="6"/><counter type="LINE" missed="0" covered="2"/><counter type="COMPLEXITY" missed="0" covered="1"/><counter type="METHOD" missed="0" covered="1"/></method><method name="toString" desc="()Ljava/lang/String;" line="588"><counter type="INSTRUCTION" missed="22" covered="0"/><counter type="LINE" missed="2" covered="0"/><counter type="COMPLEXITY" missed="1" covered="0"/><counter type="METHOD" missed="1" covered="0"/></method><counter type="INSTRUCTION" missed="22" covered="6"/><counter type="LINE" missed="2" covered="2"/><counter type="COMPLEXITY" missed="1" covered="1"/><counter type="METHOD" missed="1" covered="1"/><counter type="CLASS" missed="0" covered="1"/></class><class n
[...]
"534" mi="0" ci="3" mb="0" cb="0"/><line nr="536" mi="0" ci="2" mb="0" cb="0"/><line nr="537" mi="0" ci="5" mb="0" cb="2"/><line nr="538" mi="0" ci="3" mb="0" cb="0"/><line nr="539" mi="0" ci="5" mb="1" cb="1"/><line nr="540" mi="0" ci="3" mb="0" cb="0"/><line nr="542" mi="13" ci="0" mb="0" cb="0"/><line nr="544" mi="0" ci="2" mb="0" cb="0"/><line nr="545" mi="0" ci="4" mb="0" cb="0"/><line nr="546" mi="0" ci="5" mb="0" cb="0"/><line nr="547" mi="0" ci="5" mb="0" cb="2"/><line nr="548" mi="0" ci="2" mb="0" cb="0"/><line nr="549" mi="0" ci="6" mb="0" cb="0"/><line nr="551" mi="0" ci="7" mb="0" cb="0"/><line nr="556" mi="0" ci="3" mb="0" cb="0"/><line nr="558" mi="0" ci="3" mb="0" cb="0"/><line nr="559" mi="0" ci="3" mb="0" cb="0"/><line nr="560" mi="0" ci="3" mb="0" cb="0"/><line nr="561" mi="0" ci="3" mb="0" cb="0"/><line nr="562" mi="0" ci="7" mb="0" cb="0"/><line nr="567" mi="0" ci="3" mb="0" cb="0"/><line nr="569" mi="0" ci="3" mb="0" cb="0"/><line nr="570" mi="0" ci="15" mb="0" cb="6"/><line nr="573" mi="0" ci="4" mb="0" cb="0"/><line nr="574" mi="0" ci="2" mb="0" cb="0"/><line nr="575" mi="0" ci="3" mb="0" cb="0"/><line nr="576" mi="0" ci="3" mb="0" cb="2"/><line nr="577" mi="0" ci="8" mb="0" cb="0"/><line nr="578" mi="0" ci="3" mb="0" cb="2"/><line nr="579" mi="0" ci="8" mb="0" cb="0"/><line nr="581" mi="0" ci="7" mb="0" cb="0"/><line nr="583" mi="0" ci="1" mb="0" cb="0"/><line nr="584" mi="0" ci="2" mb="0" cb="0"/><line nr="589" mi="0" ci="3" mb="0" cb="0"/><line nr="591" mi="0" ci="3" mb="0" cb="0"/><line nr="592" mi="0" ci="5" mb="0" cb="2"/><line nr="593" mi="0" ci="2" mb="0" cb="0"/><line nr="594" mi="0" ci="3" mb="0" cb="0"/><line nr="595" mi="0" ci="7" mb="0" cb="0"/><line nr="596" mi="0" ci="1" mb="0" cb="0"/><line nr="597" mi="0" ci="2" mb="0" cb="0"/><line nr="602" mi="0" ci="3" mb="0" cb="0"/><line nr="604" mi="0" ci="2" mb="0" cb="0"/><line nr="605" mi="0" ci="5" mb="0" cb="2"/><line nr="606" mi="0" ci="2" mb="0" cb="0"/><line nr="607" mi="0" ci="3" mb="0" cb="0"/><line nr="608" mi="0" ci="4" mb="0" cb="0"/><line nr="609" mi="0" ci="5" mb="1" cb="1"/><line nr="610" mi="0" ci="3" mb="0" cb="0"/><line nr="611" mi="0" ci="6" mb="0" cb="0"/><line nr="612" mi="0" ci="5" mb="0" cb="2"/><line nr="613" mi="0" ci="2" mb="0" cb="0"/><line nr="614" mi="0" ci="3" mb="0" cb="0"/><line nr="615" mi="0" ci="6" mb="0" cb="0"/><line nr="617" mi="0" ci="1" mb="0" cb="0"/><line nr="618" mi="13" ci="0" mb="0" cb="0"/><line nr="620" mi="0" ci="10" mb="0" cb="4"/><line nr="621" mi="0" ci="5" mb="0" cb="2"/><line nr="622" mi="0" ci="2" mb="0" cb="0"/><line nr="623" mi="0" ci="7" mb="0" cb="0"/><line nr="624" mi="0" ci="5" mb="1" cb="1"/><line nr="625" mi="0" ci="9" mb="0" cb="0"/><line nr="628" mi="0" ci="2" mb="0" cb="0"/><line nr="633" mi="0" ci="3" mb="0" cb="0"/><line nr="634" mi="0" ci="3" mb="0" cb="0"/><line nr="635" mi="0" ci="4" mb="0" cb="0"/><line nr="636" mi="0" ci="5" mb="0" cb="2"/><line nr="637" mi="0" ci="3" mb="0" cb="0"/><line nr="639" mi="0" ci="3" mb="0" cb="0"/><line nr="640" mi="0" ci="2" mb="0" cb="0"/><line nr="645" mi="0" ci="4" mb="0" cb="0"/><line nr="646" mi="0" ci="3" mb="0" cb="0"/><line nr="647" mi="0" ci="4" mb="0" cb="0"/><line nr="648" mi="0" ci="5" mb="0" cb="2"/><line nr="649" mi="0" ci="3" mb="0" cb="0"/><line nr="650" mi="0" ci="5" mb="0" cb="2"/><line nr="651" mi="0" ci="8" mb="0" cb="0"/><line nr="652" mi="0" ci="5" mb="1" cb="1"/><line nr="653" mi="0" ci="4" mb="0" cb="0"/><line nr="654" mi="0" ci="5" mb="0" cb="0"/><line nr="656" mi="13" ci="0" mb="0" cb="0"/><line nr="658" mi="0" ci="1" mb="0" cb="0"/><line nr="659" mi="0" ci="4" mb="0" cb="0"/><line nr="660" mi="0" ci="2" mb="0" cb="0"/><line nr="665" mi="0" ci="3" mb="0" cb="0"/><line nr="666" mi="0" ci="3" mb="0" cb="0"/><line nr="667" mi="0" ci="3" mb="0" cb="0"/><line nr="668" mi="0" ci="3" mb="0" cb="0"/><line nr="669" mi="0" ci="3" mb="0" cb="0"/><line nr="670" mi="0" ci="3" mb="0" cb="0"/><line nr="671" mi="0" ci="3" mb="0" cb="0"/><line nr="672" mi="0" ci="3" mb="0" cb="0"/><line nr="673" mi="0" ci="15" mb="0" cb="0"/><line nr="687" mi="0" ci="3" mb="0" cb="0"/><line nr="689" mi="0" ci="3" mb="0" cb="0"/><line nr="690" mi="0" ci="5" mb="0" cb="2"/><line nr="691" mi="0" ci="2" mb="0" cb="0"/><line nr="692" mi="0" ci="3" mb="0" cb="0"/><line nr="693" mi="0" ci="5" mb="0" cb="4"/><line nr="694" mi="0" ci="2" mb="0" cb="0"/><line nr="695" mi="0" ci="5" mb="1" cb="3"/><line nr="696" mi="0" ci="2" mb="0" cb="0"/><line nr="697" mi="0" ci="6" mb="1" cb="3"/><line nr="698" mi="0" ci="2" mb="0" cb="0"/><line nr="699" mi="0" ci="6" mb="1" cb="3"/><line nr="700" mi="0" ci="2" mb="0" cb="0"/><line nr="702" mi="0" ci="10" mb="0" cb="0"/><line nr="704" mi="0" ci="10" mb="0" cb="0"/><line nr="707" mi="0" ci="2" mb="0" cb="2"/><line nr="708" mi="0" ci="5" mb="0" cb="0"/><line nr="709" mi="0" ci="3" mb="0" cb="2"/><line nr="710" mi="0" ci="2" mb="0" cb="0"/><line nr="712" mi="0" ci="2" mb="0" cb="0"/><line nr="718" mi="0" ci="2" mb="1" cb="2"/><line nr="720" mi="0" ci="2" mb="0" cb="0"/><line nr="722" mi="0" ci="2" mb="0" cb="0"/><line nr="724" mi="2" ci="0" mb="0" cb="0"/><line nr="731" mi="0" ci="5" mb="0" cb="2"/><line nr="732" mi="0" ci="4" mb="0" cb="0"/><line nr="733" mi="0" ci="5" mb="0" cb="4"/><line nr="734" mi="0" ci="2" mb="0" cb="0"/><line nr="735" mi="0" ci="2" mb="0" cb="0"/><line nr="737" mi="0" ci="6" mb="1" cb="1"/><line nr="738" mi="0" ci="2" mb="0" cb="0"/><line nr="739" mi="0" ci="2" mb="0" cb="0"/><line nr="741" mi="0" ci="4" mb="0" cb="0"/><line nr="746" mi="0" ci="3" mb="0" cb="0"/><line nr="747" mi="0" ci="3" mb="0" cb="0"/><line nr="748" mi="0" ci="3" mb="0" cb="0"/><line nr="749" mi="0" ci="2" mb="0" cb="0"/><line nr="757" mi="0" ci="18" mb="0" cb="0"/><line nr="761" mi="0" ci="6" mb="0" cb="0"/><line nr="765" mi="0" ci="5" mb="0" cb="0"/><line nr="766" mi="0" ci="5" mb="0" cb="0"/><line nr="770" mi="0" ci="6" mb="0" cb="0"/><line nr="774" mi="0" ci="6" mb="1" cb="3"/><line nr="775" mi="4" ci="0" mb="0" cb="0"/><line nr="777" mi="0" ci="4" mb="0" cb="0"/><line nr="778" mi="0" ci="6" mb="0" cb="0"/><line nr="779" mi="0" ci="7" mb="0" cb="2"/><line nr="780" mi="0" ci="2" mb="0" cb="0"/><line nr="781" mi="0" ci="4" mb="0" cb="2"/><line nr="782" mi="0" ci="5" mb="0" cb="0"/><line nr="784" mi="0" ci="7" mb="0" cb="0"/><line nr="786" mi="0" ci="2" mb="0" cb="2"/><line nr="787" mi="0" ci="6" mb="0" cb="0"/><line nr="788" mi="0" ci="5" mb="0" cb="2"/><line nr="789" mi="0" ci="3" mb="1" cb="1"/><line nr="790" mi="13" ci="0" mb="0" cb="0"/><line nr="792" mi="0" ci="13" mb="0" cb="0"/><line nr="795" mi="0" ci="12" mb="0" cb="0"/><line nr="798" mi="0" ci="5" mb="0" cb="0"/><counter type="INSTRUCTION" missed="134" covered="1721"/><counter type="BRANCH" missed="19" covered="165"/><counter type="LINE" missed="13" covered="405"/><counter type="COMPLEXITY" missed="18" covered="131"/><counter type="METHOD" missed="0" covered="50"/><counter type="CLASS" missed="0" covered="1"/></sourcefile><sourcefile name="Lexer.java"><line nr="39" mi="0" ci="5" mb="0" cb="0"/><line nr="45" mi="0" ci="4" mb="0" cb="0"/><line nr="46" mi="0" ci="5" mb="0" cb="0"/><line nr="47" mi="0" ci="5" mb="0" cb="0"/><line nr="48" mi="0" ci="5" mb="0" cb="0"/><line nr="49" mi="0" ci="5" mb="0" cb="0"/><line nr="50" mi="0" ci="5" mb="0" cb="0"/><line nr="51" mi="0" ci="5" mb="0" cb="0"/><line nr="52" mi="0" ci="5" mb="0" cb="0"/><line nr="53" mi="0" ci="5" mb="0" cb="0"/><line nr="54" mi="0" ci="5" mb="0" cb="0"/><line nr="55" mi="0" ci="5" mb="0" cb="0"/><line nr="56" mi="0" ci="5" mb="0" cb="0"/><line nr="57" mi="0" ci="5" mb="0" cb="0"/><line nr="63" mi="0" ci="4" mb="0" cb="0"/><line nr="64" mi="0" ci="6" mb="0" cb="0"/><line nr="65" mi="0" ci="6" mb="0" cb="0"/><line nr="66" mi="0" ci="6" mb="0" cb="0"/><line nr="67" mi="0" ci="6" mb="0" cb="0"/><line nr="68" mi="0" ci="6" mb="0" cb="0"/><line nr="69" mi="0" ci="6" mb="0" cb="0"/><line nr="70" mi="0" ci="6" mb="0" cb="0"/><line nr="71" mi="0" ci="1" mb="0" cb="0"/><line nr="74" mi="0" ci="7" mb="0" cb="0"/><line nr="75" mi="0" ci="1" mb="0" cb="0"/><line nr="78" mi="7" ci="0" mb="0" cb="0"/><line nr="79" mi="1" ci="0" mb="0" cb="0"/><line nr="82" mi="0" ci="6" mb="0" cb="0"/><line nr="83" mi="0" ci="1" mb="0" cb="0"/><line nr="85" mi="0" ci="2" mb="0" cb="0"/><line nr="86" mi="0" ci="2" mb="0" cb="0"/><line nr="87" mi="0" ci="8" mb="0" cb="0"/><line nr="89" mi="0" ci="11" mb="0" cb="0"/><line nr="90" mi="0" ci="3" mb="0" cb="2"/><line nr="91" mi="0" ci="12" mb="0" cb="0"/><line nr="93" mi="0" ci="3" mb="0" cb="0"/><line nr="94" mi="0" ci="5" mb="0" cb="0"/><line nr="95" mi="0" ci="3" mb="0" cb="0"/><line nr="96" mi="0" ci="3" mb="0" cb="0"/><line nr="97" mi="0" ci="3" mb="0" cb="0"/><line nr="98" mi="0" ci="9" mb="0" cb="2"/><line nr="99" mi="0" ci="1" mb="0" cb="0"/><line nr="100" mi="0" ci="3" mb="0" cb="0"/><line nr="101" mi="0" ci="2" mb="0" cb="0"/><line nr="102" mi="0" ci="1" mb="0" cb="0"/><line nr="103" mi="0" ci="1" mb="0" cb="0"/><line nr="107" mi="3" ci="0" mb="0" cb="0"/><line nr="108" mi="3" ci="0" mb="0" cb="0"/><line nr="109" mi="8" ci="0" mb="4" cb="0"/><line nr="110" mi="9" ci="0" mb="2" cb="0"/><line nr="111" mi="13" ci="0" mb="6" cb="0"/><line nr="114" mi="2" ci="0" mb="0" cb="0"/><line nr="116" mi="3" ci="0" mb="0" cb="0"/><line nr="117" mi="4" ci="0" mb="0" cb="0"/><line nr="119" mi="12" ci="0" mb="4" cb="0"/><line nr="120" mi="1" ci="0" mb="0" cb="0"/><line nr="121" mi="2" ci="0" mb="0" cb="0"/><line nr="126" mi="0" ci="5" mb="0" cb="0"/><line nr="127" mi="0" ci="9" mb="0" cb="2"/><line nr="128" mi="0" ci="9" mb="0" cb="0"/><line nr="130" mi="0" ci="6" mb="0" cb="0"/><line nr="134" mi="0" ci="4" mb="0" cb="0"/><line nr="135" mi="0" ci="4" mb="0" cb="0"/><line nr="136" mi="0" ci="5" mb="0" cb="0"/><line nr="137" mi="0" ci="3" mb="0" cb="2"/><line nr="138" mi="0" ci="3" mb="0" cb="0"/><line nr="139" mi="0" ci="4" mb="0" cb="0"/><line nr="141" mi="0" ci="3" mb="0" cb="0"/><line nr="142" mi="0" ci="2" mb="0" cb="25"/><line nr="147" mi="0" ci="3" mb="0" cb="0"/><line nr="149" mi="0" ci="4" mb="0" cb="0"/><line nr="151" mi="0" ci="4" mb="0" cb="0"/><line nr="153" mi="0" ci="4" mb="0" cb="0"/><line nr="155" mi="0" ci="4" mb="0" cb="0"/><line nr="157" mi="0" ci="4" mb="0" cb="2"/><line nr="158" mi="0" ci="3" mb="0" cb="0"/><line nr="159" mi="0" ci="4" mb="0" cb="0"/><line nr="161" mi="0" ci="4" mb="0" cb="0"/><line nr="164" mi="0" ci="4" mb="0" cb="2"/><line nr="165" mi="0" ci="3" mb="0" cb="0"/><line nr="166" mi="0" ci="4" mb="0" cb="0"/><line nr="167" mi="0" ci="4" mb="0" cb="2"/><line nr="168" mi="0" ci="3" mb="0" cb="0"/><line nr="169" mi="0" ci="4" mb="0" cb="0"/><line nr="171" mi="0" ci="4" mb="0" cb="0"/><line nr="174" mi="0" ci="4" mb="0" cb="0"/><line nr="176" mi="0" ci="4" mb="0" cb="0"/><line nr="178" mi="0" ci="4" mb="1" cb="1"/><line nr="179" mi="0" ci="3" mb="0" cb="0"/><line nr="180" mi="0" ci="4" mb="0" cb="0"/><line nr="182" mi="4" ci="0" mb="0" cb="0"/><line nr="185" mi="0" ci="4" mb="0" cb="0"/><line nr="187" mi="0" ci="4" mb="0" cb="0"/><line nr="189" mi="0" ci="4" mb="0" cb="0"/><line nr="191" mi="0" ci="4" mb="0" cb="0"/><line nr="193" mi="0" ci="4" mb="0" cb="0"/><line nr="195" mi="0" ci="4" mb="0" cb="0"/><line nr="197" mi="0" ci="4" mb="0" cb="2"/><line nr="198" mi="0" ci="3" mb="0" cb="0"/><line nr="199" mi="0" ci="4" mb="0" cb="0"/><line nr="200" mi="0" ci="4" mb="0" cb="2"/><line nr="201" mi="0" ci="3" mb="0" cb="0"/><line nr="202" mi="0" ci="4" mb="0" cb="0"/><line nr="204" mi="0" ci="4" mb="0" cb="0"/><line nr="207" mi="0" ci="4" mb="0" cb="0"/><line nr="209" mi="0" ci="4" mb="1" cb="1"/><line nr="210" mi="0" ci="3" mb="0" cb="0"/><line nr="211" mi="0" ci="4" mb="0" cb="0"/><line nr="213" mi="4" ci="0" mb="0" cb="0"/><line nr="216" mi="0" ci="4" mb="0" cb="2"/><line nr="217" mi="0" ci="3" mb="0" cb="0"/><line nr="218" mi="0" ci="4" mb="0" cb="0"/><line nr="219" mi="0" ci="4" mb="0" cb="2"/><line nr="220" mi="0" ci="11" mb="2" cb="4"/><line nr="221" mi="0" ci="4" mb="0" cb="0"/><line nr="223" mi="0" ci="3" mb="0" cb="0"/><line nr="224" mi="0" ci="3" mb="0" cb="0"/><line nr="225" mi="0" ci="4" mb="0" cb="2"/><line nr="226" mi="0" ci="3" mb="0" cb="0"/><line nr="227" mi="0" ci="4" mb="0" cb="2"/><line nr="228" mi="0" ci="3" mb="0" cb="2"/><line nr="229" mi="0" ci="18" mb="0" cb="0"/><line nr="230" mi="0" ci="1" mb="0" cb="0"/><line nr="234" mi="0" ci="4" mb="0" cb="0"/><line nr="236" mi="0" ci="3" mb="0" cb="0"/><line nr="237" mi="0" ci="3" mb="0" cb="0"/><line nr="238" mi="0" ci="3" mb="0" cb="0"/><line nr="240" mi="0" ci="4" mb="0" cb="0"/><line nr="243" mi="0" ci="4" mb="0" cb="2"/><line nr="244" mi="0" ci="3" mb="0" cb="0"/><line nr="245" mi="0" ci="4" mb="0" cb="0"/><line nr="247" mi="0" ci="4" mb="0" cb="0"/><line nr="250" mi="0" ci="4" mb="0" cb="0"/><line nr="252" mi="0" ci="4" mb="0" cb="0"/><line nr="254" mi="0" ci="4" mb="0" cb="2"/><line nr="255" mi="0" ci="4" mb="0" cb="2"/><line nr="256" mi="0" ci="3" mb="0" cb="0"/><line nr="257" mi="0" ci="7" mb="2" cb="2"/><line nr="258" mi="18" ci="0" mb="0" cb="0"/><line nr="259" mi="1" ci="0" mb="0" cb="0"/><line nr="263" mi="0" ci="14" mb="1" cb="3"/><line nr="264" mi="0" ci="16" mb="0" cb="0"/><line nr="266" mi="0" ci="3" mb="0" cb="0"/><line nr="267" mi="0" ci="3" mb="0" cb="0"/><line nr="268" mi="0" ci="7" mb="0" cb="0"/><line nr="269" mi="0" ci="11" mb="0" cb="0"/><line nr="270" mi="0" ci="4" mb="0" cb="2"/><line nr="271" mi="0" ci="11" mb="0" cb="0"/><line nr="273" mi="0" ci="8" mb="0" cb="0"/><line nr="274" mi="0" ci="8" mb="1" cb="3"/><line nr="275" mi="0" ci="18" mb="0" cb="0"/><line nr="276" mi="0" ci="1" mb="0" cb="0"/><line nr="280" mi="0" ci="4" mb="0" cb="0"/><line nr="283" mi="0" ci="3" mb="0" cb="0"/><line nr="284" mi="0" ci="4" mb="0" cb="0"/><line nr="286" mi="0" ci="4" mb="0" cb="2"/><line nr="287" mi="0" ci="3" mb="0" cb="2"/><line nr="288" mi="0" ci="4" mb="0" cb="0"/><line nr="290" mi="0" ci="3" mb="0" cb="0"/><line nr="291" mi="0" ci="4" mb="0" cb="2"/><line nr="292" mi="0" ci="7" mb="0" cb="0"/><line nr="294" mi="0" ci="4" mb="0" cb="0"/><line nr="296" mi="0" ci="4" mb="0" cb="2"/><line nr="297" mi="0" ci="3" mb="0" cb="2"/><line nr="298" mi="0" ci="4" mb="0" cb="0"/><line nr="300" mi="0" ci="8" mb="0" cb="4"/><line nr="301" mi="0" ci="4" mb="0" cb="0"/><line nr="302" mi="0" ci="4" mb="1" cb="1"/><line nr="303" mi="0" ci="3" mb="0" cb="0"/><line nr="304" mi="0" ci="3" mb="0" cb="2"/><line nr="305" mi="0" ci="4" mb="0" cb="0"/><line nr="307" mi="0" ci="4" mb="0" cb="0"/><line nr="310" mi="0" ci="2" mb="1" cb="1"/><line nr="311" mi="0" ci="12" mb="0" cb="0"/><line nr="313" mi="13" ci="0" mb="0" cb="0"/><line nr="319" mi="0" ci="7" mb="0" cb="2"/><line nr="320" mi="0" ci="3" mb="0" cb="0"/><line nr="322" mi="0" ci="1" mb="0" cb="0"/><line nr="325" mi="0" ci="3" mb="1" cb="1"/><line nr="326" mi="5" ci="0" mb="0" cb="0"/><line nr="328" mi="0" ci="7" mb="0" cb="2"/><line nr="329" mi="0" ci="6" mb="0" cb="0"/><line nr="330" mi="0" ci="4" mb="0" cb="0"/><line nr="332" mi="0" ci="6" mb="0" cb="0"/><line nr="334" mi="0" ci="11" mb="0" cb="0"/><line nr="335" mi="0" ci="6" mb="0" cb="0"/><line nr="336" mi="0" ci="6" mb="0" cb="2"/><line nr="337" mi="0" ci="3" mb="0" cb="0"/><line nr="339" mi="0" ci="2" mb="0" cb="0"/><line nr="343" mi="0" ci="3" mb="0" cb="0"/><line nr="344" mi="0" ci="9" mb="0" cb="2"/><line nr="345" mi="0" ci="2" mb="0" cb="0"/><line nr="347" mi="0" ci="8" mb="0" cb="2"/><line nr="348" mi="0" ci="11" mb="0" cb="2"/><line nr="349" mi="0" ci="2" mb="0" cb="0"/><line nr="352" mi="0" ci="2" mb="0" cb="0"/><line nr="356" mi="0" ci="5" mb="0" cb="0"/><line nr="360" mi="0" ci="3" mb="1" cb="1"/><line nr="361" mi="2" ci="0" mb="0" cb="0"/><line nr="363" mi="0" ci="11" mb="0" cb="2"/><line nr="368" mi="0" ci="3" mb="0" cb="0"/><line nr="369" mi="0" ci="6" mb="0" cb="0"/><line nr="370" mi="0" ci="3" mb="0" cb="2"/><line nr="371" mi="0" ci="8" mb="0" cb="0"/><line nr="373" mi="0" ci="15" mb="0" cb="0"/><line nr="374" mi="0" ci="1" mb="0" cb="0"/><line nr="377" mi="0" ci="5" mb="0" cb="5"/><line nr="379" mi="0" ci="14" mb="0" cb="0"/><line nr="381" mi="0" ci="11" mb="0" cb="0"/><line nr="382" mi="0" ci="3" mb="0" cb="0"/><line nr="384" mi="0" ci="13" mb="0" cb="0"/><line nr="386" mi="0" ci="3" mb="0" cb="0"/><line nr="387" mi="0" ci="13" mb="0" cb="0"/><line nr="392" mi="0" ci="5" mb="0" cb="0"/><line nr="394" mi="0" ci="11" mb="0" cb="0"/><line nr="403" mi="0" ci="4" mb="0" cb="0"/><line nr="404" mi="0" ci="4" mb="0" cb="0"/><line nr="405" mi="0" ci="5" mb="0" cb="0"/><line nr="406" mi="0" ci="7" mb="0" cb="4"/><line nr="407" mi="0" ci="1" mb="0" cb="0"/><line nr="409" mi="0" ci="3" mb="0" cb="0"/><line nr="410" mi="0" ci="2" mb="0" cb="3"/><line nr="413" mi="0" ci="2" mb="0" cb="0"/><line nr="414" mi="0" ci="1" mb="0" cb="0"/><line nr="416" mi="0" ci="4" mb="0" cb="2"/><line nr="417" mi="0" ci="11" mb="2" cb="4"/><line nr="418" mi="0" ci="4" mb="0" cb="0"/><line nr="420" mi="0" ci="3" mb="0" cb="0"/><line nr="421" mi="0" ci="4" mb="1" cb="1"/><line nr="422" mi="3" ci="0" mb="0" cb="0"/><line nr="423" mi="3" ci="0" mb="0" cb="0"/><line nr="424" mi="0" ci="4" mb="1" cb="1"/><line nr="425" mi="0" ci="3" mb="0" cb="0"/><line nr="426" mi="0" ci="2" mb="0" cb="0"/><line nr="428" mi="0" ci="1" mb="0" cb="0"/><line nr="429" mi="0" ci="4" mb="1" cb="1"/><line nr="430" mi="3" ci="0" mb="0" cb="0"/><line nr="431" mi="4" ci="0" mb="2" cb="0"/><line nr="432" mi="3" ci="0" mb="2" cb="0"/><line nr="433" mi="18" ci="0" mb="0" cb="0"/><line nr="434" mi="1" ci="0" mb="0" cb="0"/><line nr="438" mi="4" ci="0" mb="0" cb="0"/><line nr="440" mi="3" ci="0" mb="0" cb="0"/><line nr="441" mi="3" ci="0" mb="0" cb="0"/><line nr="442" mi="2" ci="0" mb="0" cb="0"/><line nr="443" mi="1" ci="0" mb="0" cb="0"/><line nr="447" mi="0" ci="6" mb="0" cb="0"/><line nr="448" mi="0" ci="6" mb="0" cb="0"/><line nr="449" mi="0" ci="3" mb="0" cb="0"/><line nr="450" mi="0" ci="1" mb="0" cb="0"/><line nr="455" mi="0" ci="4" mb="0" cb="0"/><line nr="456" mi="0" ci="4" mb="0" cb="0"/><line nr="457" mi="0" ci="3" mb="0" cb="0"/><line nr="458" mi="0" ci="2" mb="0" cb="0"/><line nr="459" mi="0" ci="4" mb="0" cb="0"/><line nr="460" mi="0" ci="3" mb="0" cb="0"/><line nr="461" mi="0" ci="7" mb="0" cb="0"/><line nr="465" mi="0" ci="2" mb="0" cb="0"/><line nr="466" mi="0" ci="3" mb="0" cb="2"/><line nr="467" mi="0" ci="11" mb="0" cb="0"/><line nr="469" mi="0" ci="10" mb="0" cb="0"/><line nr="471" mi="0" ci="5" mb="0" cb="0"/><line nr="472" mi="0" ci="3" mb="0" cb="0"/><line nr="473" mi="0" ci="5" mb="0" cb="0"/><line nr="477" mi="0" ci="3" mb="1" cb="1"/><line nr="478" mi="2" ci="0" mb="0" cb="0"/><line nr="480" mi="0" ci="8" mb="0" cb="0"/><line nr="484" mi="0" ci="10" mb="0" cb="4"/><line nr="488" mi="0" ci="19" mb="0" cb="10"/><line nr="492" mi="0" ci="3" mb="1" cb="1"/><line nr="493" mi="2" ci="0" mb="0" cb="0"/><line nr="495" mi="0" ci="8" mb="0" cb="0"/><line nr="499" mi="0" ci="12" mb="0" cb="4"/><counter type="INSTRUCTION" missed="167" covered="1179"/><counter type="BRANCH" missed="39" covered="154"/><counter type="LINE" missed="34" covered="239"/><counter type="COMPLEXITY" missed="31" covered="102"/><counter type="METHOD" missed="2" covered="21"/><counter type="CLASS" missed="0" covered="1"/></sourcefile><counter type="INSTRUCTION" missed="1643" covered="10028"/><counter type="BRANCH" missed="184" covered="824"/><counter type="LINE" missed="312" covered="1958"/><counter type="COMPLEXITY" missed="245" covered="653"/><counter type="METHOD" missed="90" covered="264"/><counter type="CLASS" missed="10" covered="58"/></package><counter type="INSTRUCTION" missed="1643" covered="10028"/><counter type="BRANCH" missed="184" covered="824"/><counter type="LINE" missed="312" covered="1958"/><counter type="COMPLEXITY" missed="245" covered="653"/><counter type="METHOD" missed="90" covered="264"/><counter type="CLASS" missed="10" covered="58"/></report>